#-----------------------------------------------------------
# Vivado v2020.2 (64-bit)
# SW Build 3064766 on Wed Nov 18 09:12:45 MST 2020
# IP Build 3064653 on Wed Nov 18 14:17:31 MST 2020
# Start of session at: Wed Dec  8 11:52:55 2021
# Process ID: 22524
# Current directory: C:/Users/lcont/OneDrive - The University of Alabama/Documents/ECE 480/snake
# Command line: vivado.exe -gui_launcher_event rodinguilauncherevent11324 C:\Users\lcont\OneDrive - The University of Alabama\Documents\ECE 480\snake\snake.xpr
# Log file: C:/Users/lcont/OneDrive - The University of Alabama/Documents/ECE 480/snake/vivado.log
# Journal file: C:/Users/lcont/OneDrive - The University of Alabama/Documents/ECE 480/snake\vivado.jou
#-----------------------------------------------------------
start_gui
open_project {C:/Users/lcont/OneDrive - The University of Alabama/Documents/ECE 480/snake/snake.xpr}
Scanning sources...
Finished scanning sources
INFO: [IP_Flow 19-234] Refreshing IP repositories
INFO: [IP_Flow 19-1704] No user IP repositories specified
INFO: [IP_Flow 19-2313] Loaded Vivado IP repository 'C:/Xilinx/Vivado/2020.2/data/ip'.
open_project: Time (s): cpu = 00:00:15 ; elapsed = 00:00:05 . Memory (MB): peak = 1102.672 ; gain = 0.000
update_compile_order -fileset sources_1
reset_run synth_1
launch_runs impl_1 -to_step write_bitstream -jobs 4
[Wed Dec  8 11:55:11 2021] Launched synth_1...
Run output will be captured here: C:/Users/lcont/OneDrive - The University of Alabama/Documents/ECE 480/snake/snake.runs/synth_1/runme.log
[Wed Dec  8 11:55:11 2021] Launched impl_1...
Run output will be captured here: C:/Users/lcont/OneDrive - The University of Alabama/Documents/ECE 480/snake/snake.runs/impl_1/runme.log
open_hw_manager
connect_hw_server -url localhost:3121 -allow_non_jtag
INFO: [Labtools 27-2285] Connecting to hw_server url TCP:localhost:3121
INFO: [Labtools 27-2222] Launching hw_server...
INFO: [Labtools 27-2221] Launch Output:

****** Xilinx hw_server v2020.2
  **** Build date : Nov 18 2020 at 10:01:48
    ** Copyright 1986-2020 Xilinx, Inc. All Rights Reserved.


INFO: [Labtools 27-3415] Connecting to cs_server url TCP:localhost:3042
INFO: [Labtools 27-3417] Launching cs_server...
INFO: [Labtools 27-2221] Launch Output:


******** Xilinx cs_server v2020.2
  ****** Build date   : Nov 03 2020-15:02:56
    **** Build number : 2020.2.1604437376
      ** Copyright 2017-2020 Xilinx, Inc. All Rights Reserved.



connect_hw_server: Time (s): cpu = 00:00:00 ; elapsed = 00:00:07 . Memory (MB): peak = 1102.672 ; gain = 0.000
current_hw_target [get_hw_targets */xilinx_tcf/Digilent/210183B1694BA]
set_property PARAM.FREQUENCY 15000000 [get_hw_targets */xilinx_tcf/Digilent/210183B1694BA]
open_hw_target
INFO: [Labtoolstcl 44-466] Opening hw_target localhost:3121/xilinx_tcf/Digilent/210183B1694BA
set_property PROGRAM.FILE {C:/Users/lcont/OneDrive - The University of Alabama/Documents/ECE 480/snake/snake.runs/impl_1/snake.bit} [get_hw_devices xc7a35t_0]
current_hw_device [get_hw_devices xc7a35t_0]
refresh_hw_device -update_hw_probes false [lindex [get_hw_devices xc7a35t_0] 0]
INFO: [Labtools 27-1434] Device xc7a35t (JTAG device index = 0) is programmed with a design that has no supported debug core(s) in it.
set_property PROBES.FILE {} [get_hw_devices xc7a35t_0]
set_property FULL_PROBES.FILE {} [get_hw_devices xc7a35t_0]
set_property PROGRAM.FILE {C:/Users/lcont/OneDrive - The University of Alabama/Documents/ECE 480/snake/snake.runs/impl_1/snake.bit} [get_hw_devices xc7a35t_0]
program_hw_devices [get_hw_devices xc7a35t_0]
INFO: [Labtools 27-3164] End of startup status: HIGH
refresh_hw_device [lindex [get_hw_devices xc7a35t_0] 0]
INFO: [Labtools 27-1434] Device xc7a35t (JTAG device index = 0) is programmed with a design that has no supported debug core(s) in it.
reset_run synth_1
launch_runs impl_1 -to_step write_bitstream -jobs 4
[Wed Dec  8 12:01:57 2021] Launched synth_1...
Run output will be captured here: C:/Users/lcont/OneDrive - The University of Alabama/Documents/ECE 480/snake/snake.runs/synth_1/runme.log
[Wed Dec  8 12:01:57 2021] Launched impl_1...
Run output will be captured here: C:/Users/lcont/OneDrive - The University of Alabama/Documents/ECE 480/snake/snake.runs/impl_1/runme.log
set_property PROBES.FILE {} [get_hw_devices xc7a35t_0]
set_property FULL_PROBES.FILE {} [get_hw_devices xc7a35t_0]
set_property PROGRAM.FILE {C:/Users/lcont/OneDrive - The University of Alabama/Documents/ECE 480/snake/snake.runs/impl_1/snake.bit} [get_hw_devices xc7a35t_0]
program_hw_devices [get_hw_devices xc7a35t_0]
INFO: [Labtools 27-3164] End of startup status: HIGH
refresh_hw_device [lindex [get_hw_devices xc7a35t_0] 0]
INFO: [Labtools 27-1434] Device xc7a35t (JTAG device index = 0) is programmed with a design that has no supported debug core(s) in it.
reset_run synth_1
launch_runs impl_1 -to_step write_bitstream -jobs 4
[Wed Dec  8 12:06:54 2021] Launched synth_1...
Run output will be captured here: C:/Users/lcont/OneDrive - The University of Alabama/Documents/ECE 480/snake/snake.runs/synth_1/runme.log
[Wed Dec  8 12:06:54 2021] Launched impl_1...
Run output will be captured here: C:/Users/lcont/OneDrive - The University of Alabama/Documents/ECE 480/snake/snake.runs/impl_1/runme.log
reset_run synth_1
launch_runs impl_1 -to_step write_bitstream -jobs 4
[Wed Dec  8 12:08:16 2021] Launched synth_1...
Run output will be captured here: C:/Users/lcont/OneDrive - The University of Alabama/Documents/ECE 480/snake/snake.runs/synth_1/runme.log
[Wed Dec  8 12:08:16 2021] Launched impl_1...
Run output will be captured here: C:/Users/lcont/OneDrive - The University of Alabama/Documents/ECE 480/snake/snake.runs/impl_1/runme.log
set_property PROBES.FILE {} [get_hw_devices xc7a35t_0]
set_property FULL_PROBES.FILE {} [get_hw_devices xc7a35t_0]
set_property PROGRAM.FILE {C:/Users/lcont/OneDrive - The University of Alabama/Documents/ECE 480/snake/snake.runs/impl_1/snake.bit} [get_hw_devices xc7a35t_0]
program_hw_devices [get_hw_devices xc7a35t_0]
INFO: [Labtools 27-3164] End of startup status: HIGH
refresh_hw_device [lindex [get_hw_devices xc7a35t_0] 0]
INFO: [Labtools 27-1434] Device xc7a35t (JTAG device index = 0) is programmed with a design that has no supported debug core(s) in it.
reset_run synth_1
launch_runs impl_1 -to_step write_bitstream -jobs 4
[Wed Dec  8 12:19:00 2021] Launched synth_1...
Run output will be captured here: C:/Users/lcont/OneDrive - The University of Alabama/Documents/ECE 480/snake/snake.runs/synth_1/runme.log
[Wed Dec  8 12:19:00 2021] Launched impl_1...
Run output will be captured here: C:/Users/lcont/OneDrive - The University of Alabama/Documents/ECE 480/snake/snake.runs/impl_1/runme.log
set_property PROBES.FILE {} [get_hw_devices xc7a35t_0]
set_property FULL_PROBES.FILE {} [get_hw_devices xc7a35t_0]
set_property PROGRAM.FILE {C:/Users/lcont/OneDrive - The University of Alabama/Documents/ECE 480/snake/snake.runs/impl_1/snake.bit} [get_hw_devices xc7a35t_0]
program_hw_devices [get_hw_devices xc7a35t_0]
INFO: [Labtools 27-3164] End of startup status: HIGH
refresh_hw_device [lindex [get_hw_devices xc7a35t_0] 0]
INFO: [Labtools 27-1434] Device xc7a35t (JTAG device index = 0) is programmed with a design that has no supported debug core(s) in it.
reset_run synth_1
launch_runs impl_1 -to_step write_bitstream -jobs 4
[Wed Dec  8 12:24:04 2021] Launched synth_1...
Run output will be captured here: C:/Users/lcont/OneDrive - The University of Alabama/Documents/ECE 480/snake/snake.runs/synth_1/runme.log
[Wed Dec  8 12:24:04 2021] Launched impl_1...
Run output will be captured here: C:/Users/lcont/OneDrive - The University of Alabama/Documents/ECE 480/snake/snake.runs/impl_1/runme.log
set_property PROBES.FILE {} [get_hw_devices xc7a35t_0]
set_property FULL_PROBES.FILE {} [get_hw_devices xc7a35t_0]
set_property PROGRAM.FILE {C:/Users/lcont/OneDrive - The University of Alabama/Documents/ECE 480/snake/snake.runs/impl_1/snake.bit} [get_hw_devices xc7a35t_0]
program_hw_devices [get_hw_devices xc7a35t_0]
INFO: [Labtools 27-3164] End of startup status: HIGH
refresh_hw_device [lindex [get_hw_devices xc7a35t_0] 0]
INFO: [Labtools 27-1434] Device xc7a35t (JTAG device index = 0) is programmed with a design that has no supported debug core(s) in it.
reset_run synth_1
launch_runs impl_1 -to_step write_bitstream -jobs 4
[Wed Dec  8 12:29:57 2021] Launched synth_1...
Run output will be captured here: C:/Users/lcont/OneDrive - The University of Alabama/Documents/ECE 480/snake/snake.runs/synth_1/runme.log
[Wed Dec  8 12:29:57 2021] Launched impl_1...
Run output will be captured here: C:/Users/lcont/OneDrive - The University of Alabama/Documents/ECE 480/snake/snake.runs/impl_1/runme.log
reset_run synth_1
launch_runs impl_1 -to_step write_bitstream -jobs 4
[Wed Dec  8 12:31:18 2021] Launched synth_1...
Run output will be captured here: C:/Users/lcont/OneDrive - The University of Alabama/Documents/ECE 480/snake/snake.runs/synth_1/runme.log
[Wed Dec  8 12:31:18 2021] Launched impl_1...
Run output will be captured here: C:/Users/lcont/OneDrive - The University of Alabama/Documents/ECE 480/snake/snake.runs/impl_1/runme.log
set_property PROBES.FILE {} [get_hw_devices xc7a35t_0]
set_property FULL_PROBES.FILE {} [get_hw_devices xc7a35t_0]
set_property PROGRAM.FILE {C:/Users/lcont/OneDrive - The University of Alabama/Documents/ECE 480/snake/snake.runs/impl_1/snake.bit} [get_hw_devices xc7a35t_0]
program_hw_devices [get_hw_devices xc7a35t_0]
INFO: [Labtools 27-3164] End of startup status: HIGH
refresh_hw_device [lindex [get_hw_devices xc7a35t_0] 0]
INFO: [Labtools 27-1434] Device xc7a35t (JTAG device index = 0) is programmed with a design that has no supported debug core(s) in it.
reset_run synth_1
launch_runs impl_1 -to_step write_bitstream -jobs 4
[Wed Dec  8 12:34:33 2021] Launched synth_1...
Run output will be captured here: C:/Users/lcont/OneDrive - The University of Alabama/Documents/ECE 480/snake/snake.runs/synth_1/runme.log
[Wed Dec  8 12:34:33 2021] Launched impl_1...
Run output will be captured here: C:/Users/lcont/OneDrive - The University of Alabama/Documents/ECE 480/snake/snake.runs/impl_1/runme.log
set_property PROBES.FILE {} [get_hw_devices xc7a35t_0]
set_property FULL_PROBES.FILE {} [get_hw_devices xc7a35t_0]
set_property PROGRAM.FILE {C:/Users/lcont/OneDrive - The University of Alabama/Documents/ECE 480/snake/snake.runs/impl_1/snake.bit} [get_hw_devices xc7a35t_0]
program_hw_devices [get_hw_devices xc7a35t_0]
INFO: [Labtools 27-3164] End of startup status: HIGH
refresh_hw_device [lindex [get_hw_devices xc7a35t_0] 0]
INFO: [Labtools 27-1434] Device xc7a35t (JTAG device index = 0) is programmed with a design that has no supported debug core(s) in it.
reset_run synth_1
launch_runs impl_1 -to_step write_bitstream -jobs 4
[Wed Dec  8 12:39:29 2021] Launched synth_1...
Run output will be captured here: C:/Users/lcont/OneDrive - The University of Alabama/Documents/ECE 480/snake/snake.runs/synth_1/runme.log
[Wed Dec  8 12:39:29 2021] Launched impl_1...
Run output will be captured here: C:/Users/lcont/OneDrive - The University of Alabama/Documents/ECE 480/snake/snake.runs/impl_1/runme.log
set_property PROBES.FILE {} [get_hw_devices xc7a35t_0]
set_property FULL_PROBES.FILE {} [get_hw_devices xc7a35t_0]
set_property PROGRAM.FILE {C:/Users/lcont/OneDrive - The University of Alabama/Documents/ECE 480/snake/snake.runs/impl_1/snake.bit} [get_hw_devices xc7a35t_0]
program_hw_devices [get_hw_devices xc7a35t_0]
INFO: [Labtools 27-3164] End of startup status: HIGH
refresh_hw_device [lindex [get_hw_devices xc7a35t_0] 0]
INFO: [Labtools 27-1434] Device xc7a35t (JTAG device index = 0) is programmed with a design that has no supported debug core(s) in it.
reset_run synth_1
launch_runs impl_1 -to_step write_bitstream -jobs 4
[Wed Dec  8 12:56:28 2021] Launched synth_1...
Run output will be captured here: C:/Users/lcont/OneDrive - The University of Alabama/Documents/ECE 480/snake/snake.runs/synth_1/runme.log
[Wed Dec  8 12:56:28 2021] Launched impl_1...
Run output will be captured here: C:/Users/lcont/OneDrive - The University of Alabama/Documents/ECE 480/snake/snake.runs/impl_1/runme.log
set_property PROBES.FILE {} [get_hw_devices xc7a35t_0]
set_property FULL_PROBES.FILE {} [get_hw_devices xc7a35t_0]
set_property PROGRAM.FILE {C:/Users/lcont/OneDrive - The University of Alabama/Documents/ECE 480/snake/snake.runs/impl_1/snake.bit} [get_hw_devices xc7a35t_0]
program_hw_devices [get_hw_devices xc7a35t_0]
INFO: [Labtools 27-3164] End of startup status: HIGH
refresh_hw_device [lindex [get_hw_devices xc7a35t_0] 0]
INFO: [Labtools 27-1434] Device xc7a35t (JTAG device index = 0) is programmed with a design that has no supported debug core(s) in it.
close_hw_manager
set_property -dict [list CONFIG.CLKOUT1_REQUESTED_OUT_FREQ {4.68750} CONFIG.MMCM_CLKFBOUT_MULT_F {6.000} CONFIG.MMCM_CLKIN1_PERIOD {10.0} CONFIG.MMCM_CLKIN2_PERIOD {10.0} CONFIG.MMCM_CLKOUT0_DIVIDE_F {128.000} CONFIG.CLKOUT1_JITTER {278.859} CONFIG.CLKOUT1_PHASE_ERROR {132.063}] [get_ips clk_wiz_0]
generate_target all [get_files  {{C:/Users/lcont/OneDrive - The University of Alabama/Documents/ECE 480/snake/snake.srcs/sources_1/ip/clk_wiz_0/clk_wiz_0.xci}}]
INFO: [IP_Flow 19-1686] Generating 'Instantiation Template' target for IP 'clk_wiz_0'...
INFO: [IP_Flow 19-1686] Generating 'Synthesis' target for IP 'clk_wiz_0'...
INFO: [IP_Flow 19-1686] Generating 'Simulation' target for IP 'clk_wiz_0'...
INFO: [IP_Flow 19-1686] Generating 'Implementation' target for IP 'clk_wiz_0'...
INFO: [IP_Flow 19-1686] Generating 'Change Log' target for IP 'clk_wiz_0'...
catch { config_ip_cache -export [get_ips -all clk_wiz_0] }
export_ip_user_files -of_objects [get_files {{C:/Users/lcont/OneDrive - The University of Alabama/Documents/ECE 480/snake/snake.srcs/sources_1/ip/clk_wiz_0/clk_wiz_0.xci}}] -no_script -sync -force -quiet
reset_run clk_wiz_0_synth_1
launch_runs clk_wiz_0_synth_1 -jobs 4
[Wed Dec  8 13:08:06 2021] Launched clk_wiz_0_synth_1...
Run output will be captured here: C:/Users/lcont/OneDrive - The University of Alabama/Documents/ECE 480/snake/snake.runs/clk_wiz_0_synth_1/runme.log
export_simulation -of_objects [get_files {{C:/Users/lcont/OneDrive - The University of Alabama/Documents/ECE 480/snake/snake.srcs/sources_1/ip/clk_wiz_0/clk_wiz_0.xci}}] -directory {C:/Users/lcont/OneDrive - The University of Alabama/Documents/ECE 480/snake/snake.ip_user_files/sim_scripts} -ip_user_files_dir {C:/Users/lcont/OneDrive - The University of Alabama/Documents/ECE 480/snake/snake.ip_user_files} -ipstatic_source_dir {C:/Users/lcont/OneDrive - The University of Alabama/Documents/ECE 480/snake/snake.ip_user_files/ipstatic} -lib_map_path [list {modelsim=C:/Users/lcont/OneDrive - The University of Alabama/Documents/ECE 480/snake/snake.cache/compile_simlib/modelsim} {questa=C:/Users/lcont/OneDrive - The University of Alabama/Documents/ECE 480/snake/snake.cache/compile_simlib/questa} {riviera=C:/Users/lcont/OneDrive - The University of Alabama/Documents/ECE 480/snake/snake.cache/compile_simlib/riviera} {activehdl=C:/Users/lcont/OneDrive - The University of Alabama/Documents/ECE 480/snake/snake.cache/compile_simlib/activehdl}] -use_ip_compiled_libs -force -quiet
reset_run synth_1
WARNING: [Vivado 12-1017] Problems encountered:
1. Failed to delete one or more files in run directory C:/Users/lcont/OneDrive - The University of Alabama/Documents/ECE 480/snake/snake.runs/synth_1

launch_runs impl_1 -to_step write_bitstream -jobs 4
[Wed Dec  8 13:08:14 2021] Launched clk_wiz_0_synth_1, synth_1...
Run output will be captured here:
clk_wiz_0_synth_1: C:/Users/lcont/OneDrive - The University of Alabama/Documents/ECE 480/snake/snake.runs/clk_wiz_0_synth_1/runme.log
synth_1: C:/Users/lcont/OneDrive - The University of Alabama/Documents/ECE 480/snake/snake.runs/synth_1/runme.log
[Wed Dec  8 13:08:14 2021] Launched impl_1...
Run output will be captured here: C:/Users/lcont/OneDrive - The University of Alabama/Documents/ECE 480/snake/snake.runs/impl_1/runme.log
open_hw_manager
connect_hw_server -url localhost:3121 -allow_non_jtag
INFO: [Labtools 27-2285] Connecting to hw_server url TCP:localhost:3121
INFO: [Labtools 27-2222] Launching hw_server...
INFO: [Labtools 27-2221] Launch Output:

****** Xilinx hw_server v2020.2
  **** Build date : Nov 18 2020 at 10:01:48
    ** Copyright 1986-2020 Xilinx, Inc. All Rights Reserved.


INFO: [Labtools 27-3415] Connecting to cs_server url TCP:localhost:3042
INFO: [Labtools 27-3417] Launching cs_server...
INFO: [Labtools 27-2221] Launch Output:


******** Xilinx cs_server v2020.2
  ****** Build date   : Nov 03 2020-15:02:56
    **** Build number : 2020.2.1604437376
      ** Copyright 2017-2020 Xilinx, Inc. All Rights Reserved.



connect_hw_server: Time (s): cpu = 00:00:00 ; elapsed = 00:00:07 . Memory (MB): peak = 2810.703 ; gain = 0.000
current_hw_target [get_hw_targets */xilinx_tcf/Digilent/210183B1694BA]
set_property PARAM.FREQUENCY 15000000 [get_hw_targets */xilinx_tcf/Digilent/210183B1694BA]
open_hw_target
INFO: [Labtoolstcl 44-466] Opening hw_target localhost:3121/xilinx_tcf/Digilent/210183B1694BA
set_property PROGRAM.FILE {C:/Users/lcont/OneDrive - The University of Alabama/Documents/ECE 480/snake/snake.runs/impl_1/snake.bit} [get_hw_devices xc7a35t_0]
current_hw_device [get_hw_devices xc7a35t_0]
refresh_hw_device -update_hw_probes false [lindex [get_hw_devices xc7a35t_0] 0]
INFO: [Labtools 27-1434] Device xc7a35t (JTAG device index = 0) is programmed with a design that has no supported debug core(s) in it.
set_property PROBES.FILE {} [get_hw_devices xc7a35t_0]
set_property FULL_PROBES.FILE {} [get_hw_devices xc7a35t_0]
set_property PROGRAM.FILE {C:/Users/lcont/OneDrive - The University of Alabama/Documents/ECE 480/snake/snake.runs/impl_1/snake.bit} [get_hw_devices xc7a35t_0]
program_hw_devices [get_hw_devices xc7a35t_0]
INFO: [Labtools 27-3164] End of startup status: HIGH
refresh_hw_device [lindex [get_hw_devices xc7a35t_0] 0]
INFO: [Labtools 27-1434] Device xc7a35t (JTAG device index = 0) is programmed with a design that has no supported debug core(s) in it.
close_hw_manager
set_property -dict [list CONFIG.CLKOUT1_REQUESTED_OUT_FREQ {40} CONFIG.MMCM_CLKFBOUT_MULT_F {10.000} CONFIG.MMCM_CLKIN1_PERIOD {10.000} CONFIG.MMCM_CLKIN2_PERIOD {10.000} CONFIG.MMCM_CLKOUT0_DIVIDE_F {25.000} CONFIG.CLKOUT1_JITTER {159.371} CONFIG.CLKOUT1_PHASE_ERROR {98.575}] [get_ips clk_wiz_0]
generate_target all [get_files  {{C:/Users/lcont/OneDrive - The University of Alabama/Documents/ECE 480/snake/snake.srcs/sources_1/ip/clk_wiz_0/clk_wiz_0.xci}}]
INFO: [IP_Flow 19-1686] Generating 'Instantiation Template' target for IP 'clk_wiz_0'...
INFO: [IP_Flow 19-1686] Generating 'Synthesis' target for IP 'clk_wiz_0'...
INFO: [IP_Flow 19-1686] Generating 'Simulation' target for IP 'clk_wiz_0'...
INFO: [IP_Flow 19-1686] Generating 'Implementation' target for IP 'clk_wiz_0'...
INFO: [IP_Flow 19-1686] Generating 'Change Log' target for IP 'clk_wiz_0'...
catch { config_ip_cache -export [get_ips -all clk_wiz_0] }
INFO: [IP_Flow 19-4993] Using cached IP synthesis design for IP clk_wiz_0, cache-ID = aafd021fb9bb96b6; cache size = 0.125 MB.
catch { [ delete_ip_run [get_ips -all clk_wiz_0] ] }
INFO: [Project 1-386] Moving file 'C:/Users/lcont/OneDrive - The University of Alabama/Documents/ECE 480/snake/snake.srcs/sources_1/ip/clk_wiz_0/clk_wiz_0.xci' from fileset 'clk_wiz_0' to fileset 'sources_1'.
export_ip_user_files -of_objects [get_files {{C:/Users/lcont/OneDrive - The University of Alabama/Documents/ECE 480/snake/snake.srcs/sources_1/ip/clk_wiz_0/clk_wiz_0.xci}}] -no_script -sync -force -quiet
create_ip_run [get_files -of_objects [get_fileset sources_1] {{C:/Users/lcont/OneDrive - The University of Alabama/Documents/ECE 480/snake/snake.srcs/sources_1/ip/clk_wiz_0/clk_wiz_0.xci}}]
INFO: [Vivado 12-3453] The given sub-design is up-to-date, no action was taken.  If a run is still desired, use the '-force' option for the file:'C:/Users/lcont/OneDrive - The University of Alabama/Documents/ECE 480/snake/snake.srcs/sources_1/ip/clk_wiz_0/clk_wiz_0.xci'
export_simulation -of_objects [get_files {{C:/Users/lcont/OneDrive - The University of Alabama/Documents/ECE 480/snake/snake.srcs/sources_1/ip/clk_wiz_0/clk_wiz_0.xci}}] -directory {C:/Users/lcont/OneDrive - The University of Alabama/Documents/ECE 480/snake/snake.ip_user_files/sim_scripts} -ip_user_files_dir {C:/Users/lcont/OneDrive - The University of Alabama/Documents/ECE 480/snake/snake.ip_user_files} -ipstatic_source_dir {C:/Users/lcont/OneDrive - The University of Alabama/Documents/ECE 480/snake/snake.ip_user_files/ipstatic} -lib_map_path [list {modelsim=C:/Users/lcont/OneDrive - The University of Alabama/Documents/ECE 480/snake/snake.cache/compile_simlib/modelsim} {questa=C:/Users/lcont/OneDrive - The University of Alabama/Documents/ECE 480/snake/snake.cache/compile_simlib/questa} {riviera=C:/Users/lcont/OneDrive - The University of Alabama/Documents/ECE 480/snake/snake.cache/compile_simlib/riviera} {activehdl=C:/Users/lcont/OneDrive - The University of Alabama/Documents/ECE 480/snake/snake.cache/compile_simlib/activehdl}] -use_ip_compiled_libs -force -quiet
reset_run synth_1
launch_runs impl_1 -to_step write_bitstream -jobs 4
INFO: [Vivado 12-4149] The synthesis checkpoint for IP 'C:/Users/lcont/OneDrive - The University of Alabama/Documents/ECE 480/snake/snake.srcs/sources_1/ip/clk_wiz_0/clk_wiz_0.xci' is already up-to-date
[Wed Dec  8 13:11:14 2021] Launched synth_1...
Run output will be captured here: C:/Users/lcont/OneDrive - The University of Alabama/Documents/ECE 480/snake/snake.runs/synth_1/runme.log
[Wed Dec  8 13:11:15 2021] Launched impl_1...
Run output will be captured here: C:/Users/lcont/OneDrive - The University of Alabama/Documents/ECE 480/snake/snake.runs/impl_1/runme.log
open_hw_manager
connect_hw_server -url localhost:3121 -allow_non_jtag
INFO: [Labtools 27-2285] Connecting to hw_server url TCP:localhost:3121
INFO: [Labtools 27-2222] Launching hw_server...
INFO: [Labtools 27-2221] Launch Output:

****** Xilinx hw_server v2020.2
  **** Build date : Nov 18 2020 at 10:01:48
    ** Copyright 1986-2020 Xilinx, Inc. All Rights Reserved.


INFO: [Labtools 27-3415] Connecting to cs_server url TCP:localhost:3042
INFO: [Labtools 27-3417] Launching cs_server...
INFO: [Labtools 27-2221] Launch Output:


******** Xilinx cs_server v2020.2
  ****** Build date   : Nov 03 2020-15:02:56
    **** Build number : 2020.2.1604437376
      ** Copyright 2017-2020 Xilinx, Inc. All Rights Reserved.



connect_hw_server: Time (s): cpu = 00:00:01 ; elapsed = 00:00:08 . Memory (MB): peak = 2830.668 ; gain = 0.000
current_hw_target [get_hw_targets */xilinx_tcf/Digilent/210183B1694BA]
set_property PARAM.FREQUENCY 15000000 [get_hw_targets */xilinx_tcf/Digilent/210183B1694BA]
open_hw_target
INFO: [Labtoolstcl 44-466] Opening hw_target localhost:3121/xilinx_tcf/Digilent/210183B1694BA
set_property PROGRAM.FILE {C:/Users/lcont/OneDrive - The University of Alabama/Documents/ECE 480/snake/snake.runs/impl_1/snake.bit} [get_hw_devices xc7a35t_0]
current_hw_device [get_hw_devices xc7a35t_0]
refresh_hw_device -update_hw_probes false [lindex [get_hw_devices xc7a35t_0] 0]
INFO: [Labtools 27-1434] Device xc7a35t (JTAG device index = 0) is programmed with a design that has no supported debug core(s) in it.
set_property PROBES.FILE {} [get_hw_devices xc7a35t_0]
set_property FULL_PROBES.FILE {} [get_hw_devices xc7a35t_0]
set_property PROGRAM.FILE {C:/Users/lcont/OneDrive - The University of Alabama/Documents/ECE 480/snake/snake.runs/impl_1/snake.bit} [get_hw_devices xc7a35t_0]
program_hw_devices [get_hw_devices xc7a35t_0]
INFO: [Labtools 27-3164] End of startup status: HIGH
refresh_hw_device [lindex [get_hw_devices xc7a35t_0] 0]
INFO: [Labtools 27-1434] Device xc7a35t (JTAG device index = 0) is programmed with a design that has no supported debug core(s) in it.
reset_run synth_1
launch_runs impl_1 -to_step write_bitstream -jobs 4
INFO: [Vivado 12-4149] The synthesis checkpoint for IP 'C:/Users/lcont/OneDrive - The University of Alabama/Documents/ECE 480/snake/snake.srcs/sources_1/ip/clk_wiz_0/clk_wiz_0.xci' is already up-to-date
[Wed Dec  8 13:16:38 2021] Launched synth_1...
Run output will be captured here: C:/Users/lcont/OneDrive - The University of Alabama/Documents/ECE 480/snake/snake.runs/synth_1/runme.log
[Wed Dec  8 13:16:38 2021] Launched impl_1...
Run output will be captured here: C:/Users/lcont/OneDrive - The University of Alabama/Documents/ECE 480/snake/snake.runs/impl_1/runme.log
set_property PROBES.FILE {} [get_hw_devices xc7a35t_0]
set_property FULL_PROBES.FILE {} [get_hw_devices xc7a35t_0]
set_property PROGRAM.FILE {C:/Users/lcont/OneDrive - The University of Alabama/Documents/ECE 480/snake/snake.runs/impl_1/snake.bit} [get_hw_devices xc7a35t_0]
program_hw_devices [get_hw_devices xc7a35t_0]
INFO: [Labtools 27-3164] End of startup status: HIGH
refresh_hw_device [lindex [get_hw_devices xc7a35t_0] 0]
INFO: [Labtools 27-1434] Device xc7a35t (JTAG device index = 0) is programmed with a design that has no supported debug core(s) in it.
missing operand at _@_
in expression " _@_/ (100.000*1.0)"
missing operand at _@_
in expression " _@_/ (100.000*1.0)"
missing operand at _@_
in expression " _@_/ (100.000*1.0)"
missing operand at _@_
in expression " _@_/ (100.000*1.0)"
missing operand at _@_
in expression " _@_/ (100.000*1.0)"
missing operand at _@_
in expression " _@_/ (100.000*1.0)"
missing operand at _@_
in expression " _@_/ (100.000*1.0)"
missing operand at _@_
in expression " _@_/ (100.000*1.0)"
missing operand at _@_
in expression " _@_/ (100.000*1.0)"
missing operand at _@_
in expression " _@_/ (100.000*1.0)"
missing operand at _@_
in expression " _@_/ (100.000*1.0)"
missing operand at _@_
in expression " _@_/ (100.000*1.0)"
missing operand at _@_
in expression " _@_/ (100.000*1.0)"
missing operand at _@_
in expression " _@_/ (100.000*1.0)"
missing operand at _@_
in expression " _@_/ (100.000*1.0)"
missing operand at _@_
in expression " _@_/ (100.000*1.0)"
missing operand at _@_
in expression " _@_/ (100.000*1.0)"
missing operand at _@_
in expression " _@_/ (100.000*1.0)"
missing operand at _@_
in expression " _@_/ (100.000*1.0)"
missing operand at _@_
in expression " _@_/ (100.000*1.0)"
missing operand at _@_
in expression " _@_/ (100.000*1.0)"
missing operand at _@_
in expression " _@_/ (100.000*1.0)"
missing operand at _@_
in expression " _@_/ (100.000*1.0)"
missing operand at _@_
in expression " _@_/ (100.000*1.0)"
missing operand at _@_
in expression " _@_/ (100.000*1.0)"
missing operand at _@_
in expression " _@_/ (100.000*1.0)"
missing operand at _@_
in expression " _@_/ (100.000*1.0)"
missing operand at _@_
in expression " _@_/ (100.000*1.0)"
missing operand at _@_
in expression " _@_/ (100.000*1.0)"
missing operand at _@_
in expression " _@_/ (100.000*1.0)"
missing operand at _@_
in expression " _@_/ (100.000*1.0)"
missing operand at _@_
in expression " _@_/ (100.000*1.0)"
missing operand at _@_
in expression " _@_/ (100.000*1.0)"
missing operand at _@_
in expression " _@_/ (100.000*1.0)"
missing operand at _@_
in expression " _@_/ (100.000*1.0)"
missing operand at _@_
in expression " _@_/ (100.000*1.0)"
missing operand at _@_
in expression " _@_/ (100.000*1.0)"
missing operand at _@_
in expression " _@_/ (100.000*1.0)"
missing operand at _@_
in expression " _@_/ (100.000*1.0)"
missing operand at _@_
in expression " _@_/ (100.000*1.0)"
missing operand at _@_
in expression " _@_/ (100.000*1.0)"
missing operand at _@_
in expression " _@_/ (100.000*1.0)"
missing operand at _@_
in expression " _@_/ (100.000*1.0)"
missing operand at _@_
in expression " _@_/ (100.000*1.0)"
missing operand at _@_
in expression " _@_/ (100.000*1.0)"
missing operand at _@_
in expression " _@_/ (100.000*1.0)"
missing operand at _@_
in expression " _@_/ (100.000*1.0)"
missing operand at _@_
in expression " _@_/ (100.000*1.0)"
missing operand at _@_
in expression " _@_/ (100.000*1.0)"
missing operand at _@_
in expression " _@_/ (100.000*1.0)"
reset_run synth_1
launch_runs impl_1 -to_step write_bitstream -jobs 4
INFO: [Vivado 12-4149] The synthesis checkpoint for IP 'C:/Users/lcont/OneDrive - The University of Alabama/Documents/ECE 480/snake/snake.srcs/sources_1/ip/clk_wiz_0/clk_wiz_0.xci' is already up-to-date
[Wed Dec  8 13:27:55 2021] Launched synth_1...
Run output will be captured here: C:/Users/lcont/OneDrive - The University of Alabama/Documents/ECE 480/snake/snake.runs/synth_1/runme.log
[Wed Dec  8 13:27:55 2021] Launched impl_1...
Run output will be captured here: C:/Users/lcont/OneDrive - The University of Alabama/Documents/ECE 480/snake/snake.runs/impl_1/runme.log
open_run impl_1
INFO: [Device 21-403] Loading part xc7a35tcpg236-1
INFO: [Common 17-41] Interrupt caught. Command should exit soon.
Netlist sorting complete. Time (s): cpu = 00:00:00 ; elapsed = 00:00:00.006 . Memory (MB): peak = 3062.742 ; gain = 0.000
INFO: [Netlist 29-17] Analyzing 46 Unisim elements for replacement
INFO: [Netlist 29-28] Unisim Transformation completed in 0 CPU seconds
INFO: [Project 1-479] Netlist was created with Vivado 2020.2
open_run: Time (s): cpu = 00:00:07 ; elapsed = 00:00:10 . Memory (MB): peak = 3068.016 ; gain = 178.066
INFO: [Common 17-344] 'open_run' was cancelled
set_property PROBES.FILE {} [get_hw_devices xc7a35t_0]
set_property FULL_PROBES.FILE {} [get_hw_devices xc7a35t_0]
set_property PROGRAM.FILE {C:/Users/lcont/OneDrive - The University of Alabama/Documents/ECE 480/snake/snake.runs/impl_1/snake.bit} [get_hw_devices xc7a35t_0]
program_hw_devices [get_hw_devices xc7a35t_0]
INFO: [Labtools 27-3164] End of startup status: HIGH
refresh_hw_device [lindex [get_hw_devices xc7a35t_0] 0]
INFO: [Labtools 27-1434] Device xc7a35t (JTAG device index = 0) is programmed with a design that has no supported debug core(s) in it.
reset_run synth_1
launch_runs impl_1 -jobs 4
INFO: [Vivado 12-4149] The synthesis checkpoint for IP 'C:/Users/lcont/OneDrive - The University of Alabama/Documents/ECE 480/snake/snake.srcs/sources_1/ip/clk_wiz_0/clk_wiz_0.xci' is already up-to-date
[Wed Dec  8 13:31:20 2021] Launched synth_1...
Run output will be captured here: C:/Users/lcont/OneDrive - The University of Alabama/Documents/ECE 480/snake/snake.runs/synth_1/runme.log
[Wed Dec  8 13:31:20 2021] Launched impl_1...
Run output will be captured here: C:/Users/lcont/OneDrive - The University of Alabama/Documents/ECE 480/snake/snake.runs/impl_1/runme.log
reset_run synth_1
launch_runs impl_1 -to_step write_bitstream -jobs 4
INFO: [Vivado 12-4149] The synthesis checkpoint for IP 'C:/Users/lcont/OneDrive - The University of Alabama/Documents/ECE 480/snake/snake.srcs/sources_1/ip/clk_wiz_0/clk_wiz_0.xci' is already up-to-date
[Wed Dec  8 13:33:45 2021] Launched synth_1...
Run output will be captured here: C:/Users/lcont/OneDrive - The University of Alabama/Documents/ECE 480/snake/snake.runs/synth_1/runme.log
[Wed Dec  8 13:33:45 2021] Launched impl_1...
Run output will be captured here: C:/Users/lcont/OneDrive - The University of Alabama/Documents/ECE 480/snake/snake.runs/impl_1/runme.log
set_property PROBES.FILE {} [get_hw_devices xc7a35t_0]
set_property FULL_PROBES.FILE {} [get_hw_devices xc7a35t_0]
set_property PROGRAM.FILE {C:/Users/lcont/OneDrive - The University of Alabama/Documents/ECE 480/snake/snake.runs/impl_1/snake.bit} [get_hw_devices xc7a35t_0]
program_hw_devices [get_hw_devices xc7a35t_0]
INFO: [Labtools 27-3164] End of startup status: HIGH
refresh_hw_device [lindex [get_hw_devices xc7a35t_0] 0]
INFO: [Labtools 27-1434] Device xc7a35t (JTAG device index = 0) is programmed with a design that has no supported debug core(s) in it.
undo
INFO: [Common 17-17] undo 'set_property PROGRAM.FILE {C:/Users/lcont/OneDrive - The University of Alabama/Documents/ECE 480/snake/snake.runs/impl_1/snake.bit} [get_hw_devices xc7a35t_0]'
undo
INFO: [Common 17-17] undo 'set_property FULL_PROBES.FILE {} [get_hw_devices xc7a35t_0]'
reset_run synth_1
launch_runs impl_1 -to_step write_bitstream -jobs 4
INFO: [Vivado 12-4149] The synthesis checkpoint for IP 'C:/Users/lcont/OneDrive - The University of Alabama/Documents/ECE 480/snake/snake.srcs/sources_1/ip/clk_wiz_0/clk_wiz_0.xci' is already up-to-date
[Wed Dec  8 13:37:45 2021] Launched synth_1...
Run output will be captured here: C:/Users/lcont/OneDrive - The University of Alabama/Documents/ECE 480/snake/snake.runs/synth_1/runme.log
[Wed Dec  8 13:37:45 2021] Launched impl_1...
Run output will be captured here: C:/Users/lcont/OneDrive - The University of Alabama/Documents/ECE 480/snake/snake.runs/impl_1/runme.log
set_property PROBES.FILE {} [get_hw_devices xc7a35t_0]
set_property FULL_PROBES.FILE {} [get_hw_devices xc7a35t_0]
set_property PROGRAM.FILE {C:/Users/lcont/OneDrive - The University of Alabama/Documents/ECE 480/snake/snake.runs/impl_1/snake.bit} [get_hw_devices xc7a35t_0]
program_hw_devices [get_hw_devices xc7a35t_0]
INFO: [Labtools 27-3164] End of startup status: HIGH
refresh_hw_device [lindex [get_hw_devices xc7a35t_0] 0]
INFO: [Labtools 27-1434] Device xc7a35t (JTAG device index = 0) is programmed with a design that has no supported debug core(s) in it.
reset_run synth_1
launch_runs impl_1 -to_step write_bitstream -jobs 4
INFO: [Vivado 12-4149] The synthesis checkpoint for IP 'C:/Users/lcont/OneDrive - The University of Alabama/Documents/ECE 480/snake/snake.srcs/sources_1/ip/clk_wiz_0/clk_wiz_0.xci' is already up-to-date
[Wed Dec  8 13:40:44 2021] Launched synth_1...
Run output will be captured here: C:/Users/lcont/OneDrive - The University of Alabama/Documents/ECE 480/snake/snake.runs/synth_1/runme.log
[Wed Dec  8 13:40:44 2021] Launched impl_1...
Run output will be captured here: C:/Users/lcont/OneDrive - The University of Alabama/Documents/ECE 480/snake/snake.runs/impl_1/runme.log
set_property PROBES.FILE {} [get_hw_devices xc7a35t_0]
set_property FULL_PROBES.FILE {} [get_hw_devices xc7a35t_0]
set_property PROGRAM.FILE {C:/Users/lcont/OneDrive - The University of Alabama/Documents/ECE 480/snake/snake.runs/impl_1/snake.bit} [get_hw_devices xc7a35t_0]
program_hw_devices [get_hw_devices xc7a35t_0]
INFO: [Labtools 27-3164] End of startup status: HIGH
refresh_hw_device [lindex [get_hw_devices xc7a35t_0] 0]
INFO: [Labtools 27-1434] Device xc7a35t (JTAG device index = 0) is programmed with a design that has no supported debug core(s) in it.
close_hw_manager
reset_run synth_1
launch_runs impl_1 -to_step write_bitstream -jobs 4
INFO: [Vivado 12-4149] The synthesis checkpoint for IP 'C:/Users/lcont/OneDrive - The University of Alabama/Documents/ECE 480/snake/snake.srcs/sources_1/ip/clk_wiz_0/clk_wiz_0.xci' is already up-to-date
[Wed Dec  8 13:46:14 2021] Launched synth_1...
Run output will be captured here: C:/Users/lcont/OneDrive - The University of Alabama/Documents/ECE 480/snake/snake.runs/synth_1/runme.log
[Wed Dec  8 13:46:14 2021] Launched impl_1...
Run output will be captured here: C:/Users/lcont/OneDrive - The University of Alabama/Documents/ECE 480/snake/snake.runs/impl_1/runme.log
open_hw_manager
connect_hw_server -url localhost:3121 -allow_non_jtag
INFO: [Labtools 27-2285] Connecting to hw_server url TCP:localhost:3121
INFO: [Labtools 27-2222] Launching hw_server...
INFO: [Labtools 27-2221] Launch Output:

****** Xilinx hw_server v2020.2
  **** Build date : Nov 18 2020 at 10:01:48
    ** Copyright 1986-2020 Xilinx, Inc. All Rights Reserved.


INFO: [Labtools 27-3415] Connecting to cs_server url TCP:localhost:3042
INFO: [Labtools 27-3417] Launching cs_server...
INFO: [Labtools 27-2221] Launch Output:


******** Xilinx cs_server v2020.2
  ****** Build date   : Nov 03 2020-15:02:56
    **** Build number : 2020.2.1604437376
      ** Copyright 2017-2020 Xilinx, Inc. All Rights Reserved.



connect_hw_server: Time (s): cpu = 00:00:01 ; elapsed = 00:00:08 . Memory (MB): peak = 3068.305 ; gain = 0.000
current_hw_target [get_hw_targets */xilinx_tcf/Digilent/210183B1694BA]
set_property PARAM.FREQUENCY 15000000 [get_hw_targets */xilinx_tcf/Digilent/210183B1694BA]
open_hw_target
INFO: [Labtoolstcl 44-466] Opening hw_target localhost:3121/xilinx_tcf/Digilent/210183B1694BA
set_property PROGRAM.FILE {C:/Users/lcont/OneDrive - The University of Alabama/Documents/ECE 480/snake/snake.runs/impl_1/snake.bit} [get_hw_devices xc7a35t_0]
current_hw_device [get_hw_devices xc7a35t_0]
refresh_hw_device -update_hw_probes false [lindex [get_hw_devices xc7a35t_0] 0]
INFO: [Labtools 27-1434] Device xc7a35t (JTAG device index = 0) is programmed with a design that has no supported debug core(s) in it.
set_property PROBES.FILE {} [get_hw_devices xc7a35t_0]
set_property FULL_PROBES.FILE {} [get_hw_devices xc7a35t_0]
set_property PROGRAM.FILE {C:/Users/lcont/OneDrive - The University of Alabama/Documents/ECE 480/snake/snake.runs/impl_1/snake.bit} [get_hw_devices xc7a35t_0]
program_hw_devices [get_hw_devices xc7a35t_0]
INFO: [Labtools 27-3164] End of startup status: HIGH
refresh_hw_device [lindex [get_hw_devices xc7a35t_0] 0]
INFO: [Labtools 27-1434] Device xc7a35t (JTAG device index = 0) is programmed with a design that has no supported debug core(s) in it.
undo
INFO: [Common 17-17] undo 'set_property PROGRAM.FILE {C:/Users/lcont/OneDrive - The University of Alabama/Documents/ECE 480/snake/snake.runs/impl_1/snake.bit} [get_hw_devices xc7a35t_0]'
undo
INFO: [Common 17-17] undo 'set_property FULL_PROBES.FILE {} [get_hw_devices xc7a35t_0]'
reset_run synth_1
launch_runs impl_1 -to_step write_bitstream -jobs 4
INFO: [Vivado 12-4149] The synthesis checkpoint for IP 'C:/Users/lcont/OneDrive - The University of Alabama/Documents/ECE 480/snake/snake.srcs/sources_1/ip/clk_wiz_0/clk_wiz_0.xci' is already up-to-date
[Wed Dec  8 13:51:11 2021] Launched synth_1...
Run output will be captured here: C:/Users/lcont/OneDrive - The University of Alabama/Documents/ECE 480/snake/snake.runs/synth_1/runme.log
[Wed Dec  8 13:51:11 2021] Launched impl_1...
Run output will be captured here: C:/Users/lcont/OneDrive - The University of Alabama/Documents/ECE 480/snake/snake.runs/impl_1/runme.log
set_property PROBES.FILE {} [get_hw_devices xc7a35t_0]
set_property FULL_PROBES.FILE {} [get_hw_devices xc7a35t_0]
set_property PROGRAM.FILE {C:/Users/lcont/OneDrive - The University of Alabama/Documents/ECE 480/snake/snake.runs/impl_1/snake.bit} [get_hw_devices xc7a35t_0]
program_hw_devices [get_hw_devices xc7a35t_0]
INFO: [Labtools 27-3164] End of startup status: HIGH
refresh_hw_device [lindex [get_hw_devices xc7a35t_0] 0]
INFO: [Labtools 27-1434] Device xc7a35t (JTAG device index = 0) is programmed with a design that has no supported debug core(s) in it.
reset_run synth_1
launch_runs impl_1 -to_step write_bitstream -jobs 4
INFO: [Vivado 12-4149] The synthesis checkpoint for IP 'C:/Users/lcont/OneDrive - The University of Alabama/Documents/ECE 480/snake/snake.srcs/sources_1/ip/clk_wiz_0/clk_wiz_0.xci' is already up-to-date
[Wed Dec  8 13:59:40 2021] Launched synth_1...
Run output will be captured here: C:/Users/lcont/OneDrive - The University of Alabama/Documents/ECE 480/snake/snake.runs/synth_1/runme.log
[Wed Dec  8 13:59:40 2021] Launched impl_1...
Run output will be captured here: C:/Users/lcont/OneDrive - The University of Alabama/Documents/ECE 480/snake/snake.runs/impl_1/runme.log
set_property PROBES.FILE {} [get_hw_devices xc7a35t_0]
set_property FULL_PROBES.FILE {} [get_hw_devices xc7a35t_0]
set_property PROGRAM.FILE {C:/Users/lcont/OneDrive - The University of Alabama/Documents/ECE 480/snake/snake.runs/impl_1/snake.bit} [get_hw_devices xc7a35t_0]
program_hw_devices [get_hw_devices xc7a35t_0]
INFO: [Labtools 27-3164] End of startup status: HIGH
refresh_hw_device [lindex [get_hw_devices xc7a35t_0] 0]
INFO: [Labtools 27-1434] Device xc7a35t (JTAG device index = 0) is programmed with a design that has no supported debug core(s) in it.
reset_run synth_1
launch_runs impl_1 -to_step write_bitstream -jobs 4
INFO: [Vivado 12-4149] The synthesis checkpoint for IP 'C:/Users/lcont/OneDrive - The University of Alabama/Documents/ECE 480/snake/snake.srcs/sources_1/ip/clk_wiz_0/clk_wiz_0.xci' is already up-to-date
[Wed Dec  8 14:02:18 2021] Launched synth_1...
Run output will be captured here: C:/Users/lcont/OneDrive - The University of Alabama/Documents/ECE 480/snake/snake.runs/synth_1/runme.log
[Wed Dec  8 14:02:18 2021] Launched impl_1...
Run output will be captured here: C:/Users/lcont/OneDrive - The University of Alabama/Documents/ECE 480/snake/snake.runs/impl_1/runme.log
set_property PROBES.FILE {} [get_hw_devices xc7a35t_0]
set_property FULL_PROBES.FILE {} [get_hw_devices xc7a35t_0]
set_property PROGRAM.FILE {C:/Users/lcont/OneDrive - The University of Alabama/Documents/ECE 480/snake/snake.runs/impl_1/snake.bit} [get_hw_devices xc7a35t_0]
program_hw_devices [get_hw_devices xc7a35t_0]
INFO: [Labtools 27-3164] End of startup status: HIGH
refresh_hw_device [lindex [get_hw_devices xc7a35t_0] 0]
INFO: [Labtools 27-1434] Device xc7a35t (JTAG device index = 0) is programmed with a design that has no supported debug core(s) in it.
reset_run synth_1
launch_runs impl_1 -to_step write_bitstream -jobs 4
INFO: [Vivado 12-4149] The synthesis checkpoint for IP 'C:/Users/lcont/OneDrive - The University of Alabama/Documents/ECE 480/snake/snake.srcs/sources_1/ip/clk_wiz_0/clk_wiz_0.xci' is already up-to-date
[Wed Dec  8 14:07:33 2021] Launched synth_1...
Run output will be captured here: C:/Users/lcont/OneDrive - The University of Alabama/Documents/ECE 480/snake/snake.runs/synth_1/runme.log
[Wed Dec  8 14:07:33 2021] Launched impl_1...
Run output will be captured here: C:/Users/lcont/OneDrive - The University of Alabama/Documents/ECE 480/snake/snake.runs/impl_1/runme.log
set_property PROBES.FILE {} [get_hw_devices xc7a35t_0]
set_property FULL_PROBES.FILE {} [get_hw_devices xc7a35t_0]
set_property PROGRAM.FILE {C:/Users/lcont/OneDrive - The University of Alabama/Documents/ECE 480/snake/snake.runs/impl_1/snake.bit} [get_hw_devices xc7a35t_0]
program_hw_devices [get_hw_devices xc7a35t_0]
INFO: [Labtools 27-3164] End of startup status: HIGH
refresh_hw_device [lindex [get_hw_devices xc7a35t_0] 0]
INFO: [Labtools 27-1434] Device xc7a35t (JTAG device index = 0) is programmed with a design that has no supported debug core(s) in it.
reset_run synth_1
launch_runs impl_1 -to_step write_bitstream -jobs 4
INFO: [Vivado 12-4149] The synthesis checkpoint for IP 'C:/Users/lcont/OneDrive - The University of Alabama/Documents/ECE 480/snake/snake.srcs/sources_1/ip/clk_wiz_0/clk_wiz_0.xci' is already up-to-date
[Wed Dec  8 14:10:27 2021] Launched synth_1...
Run output will be captured here: C:/Users/lcont/OneDrive - The University of Alabama/Documents/ECE 480/snake/snake.runs/synth_1/runme.log
[Wed Dec  8 14:10:27 2021] Launched impl_1...
Run output will be captured here: C:/Users/lcont/OneDrive - The University of Alabama/Documents/ECE 480/snake/snake.runs/impl_1/runme.log
set_property PROBES.FILE {} [get_hw_devices xc7a35t_0]
set_property FULL_PROBES.FILE {} [get_hw_devices xc7a35t_0]
set_property PROGRAM.FILE {C:/Users/lcont/OneDrive - The University of Alabama/Documents/ECE 480/snake/snake.runs/impl_1/snake.bit} [get_hw_devices xc7a35t_0]
program_hw_devices [get_hw_devices xc7a35t_0]
INFO: [Labtools 27-3164] End of startup status: HIGH
refresh_hw_device [lindex [get_hw_devices xc7a35t_0] 0]
INFO: [Labtools 27-1434] Device xc7a35t (JTAG device index = 0) is programmed with a design that has no supported debug core(s) in it.
reset_run synth_1
launch_runs impl_1 -to_step write_bitstream -jobs 4
INFO: [Vivado 12-4149] The synthesis checkpoint for IP 'C:/Users/lcont/OneDrive - The University of Alabama/Documents/ECE 480/snake/snake.srcs/sources_1/ip/clk_wiz_0/clk_wiz_0.xci' is already up-to-date
[Wed Dec  8 14:16:04 2021] Launched synth_1...
Run output will be captured here: C:/Users/lcont/OneDrive - The University of Alabama/Documents/ECE 480/snake/snake.runs/synth_1/runme.log
[Wed Dec  8 14:16:04 2021] Launched impl_1...
Run output will be captured here: C:/Users/lcont/OneDrive - The University of Alabama/Documents/ECE 480/snake/snake.runs/impl_1/runme.log
set_property PROBES.FILE {} [get_hw_devices xc7a35t_0]
set_property FULL_PROBES.FILE {} [get_hw_devices xc7a35t_0]
set_property PROGRAM.FILE {C:/Users/lcont/OneDrive - The University of Alabama/Documents/ECE 480/snake/snake.runs/impl_1/snake.bit} [get_hw_devices xc7a35t_0]
program_hw_devices [get_hw_devices xc7a35t_0]
INFO: [Labtools 27-3164] End of startup status: HIGH
refresh_hw_device [lindex [get_hw_devices xc7a35t_0] 0]
INFO: [Labtools 27-1434] Device xc7a35t (JTAG device index = 0) is programmed with a design that has no supported debug core(s) in it.
reset_run synth_1
launch_runs impl_1 -to_step write_bitstream -jobs 4
INFO: [Vivado 12-4149] The synthesis checkpoint for IP 'C:/Users/lcont/OneDrive - The University of Alabama/Documents/ECE 480/snake/snake.srcs/sources_1/ip/clk_wiz_0/clk_wiz_0.xci' is already up-to-date
[Wed Dec  8 14:20:01 2021] Launched synth_1...
Run output will be captured here: C:/Users/lcont/OneDrive - The University of Alabama/Documents/ECE 480/snake/snake.runs/synth_1/runme.log
[Wed Dec  8 14:20:01 2021] Launched impl_1...
Run output will be captured here: C:/Users/lcont/OneDrive - The University of Alabama/Documents/ECE 480/snake/snake.runs/impl_1/runme.log
set_property PROBES.FILE {} [get_hw_devices xc7a35t_0]
set_property FULL_PROBES.FILE {} [get_hw_devices xc7a35t_0]
set_property PROGRAM.FILE {C:/Users/lcont/OneDrive - The University of Alabama/Documents/ECE 480/snake/snake.runs/impl_1/snake.bit} [get_hw_devices xc7a35t_0]
program_hw_devices [get_hw_devices xc7a35t_0]
INFO: [Labtools 27-3164] End of startup status: HIGH
refresh_hw_device [lindex [get_hw_devices xc7a35t_0] 0]
INFO: [Labtools 27-1434] Device xc7a35t (JTAG device index = 0) is programmed with a design that has no supported debug core(s) in it.
reset_run synth_1
launch_runs impl_1 -to_step write_bitstream -jobs 4
INFO: [Vivado 12-4149] The synthesis checkpoint for IP 'C:/Users/lcont/OneDrive - The University of Alabama/Documents/ECE 480/snake/snake.srcs/sources_1/ip/clk_wiz_0/clk_wiz_0.xci' is already up-to-date
[Wed Dec  8 14:23:50 2021] Launched synth_1...
Run output will be captured here: C:/Users/lcont/OneDrive - The University of Alabama/Documents/ECE 480/snake/snake.runs/synth_1/runme.log
[Wed Dec  8 14:23:51 2021] Launched impl_1...
Run output will be captured here: C:/Users/lcont/OneDrive - The University of Alabama/Documents/ECE 480/snake/snake.runs/impl_1/runme.log
reset_run synth_1
launch_runs impl_1 -to_step write_bitstream -jobs 4
INFO: [Vivado 12-4149] The synthesis checkpoint for IP 'C:/Users/lcont/OneDrive - The University of Alabama/Documents/ECE 480/snake/snake.srcs/sources_1/ip/clk_wiz_0/clk_wiz_0.xci' is already up-to-date
[Wed Dec  8 14:31:15 2021] Launched synth_1...
Run output will be captured here: C:/Users/lcont/OneDrive - The University of Alabama/Documents/ECE 480/snake/snake.runs/synth_1/runme.log
[Wed Dec  8 14:31:16 2021] Launched impl_1...
Run output will be captured here: C:/Users/lcont/OneDrive - The University of Alabama/Documents/ECE 480/snake/snake.runs/impl_1/runme.log
reset_run synth_1
launch_runs impl_1 -to_step write_bitstream -jobs 4
INFO: [Vivado 12-4149] The synthesis checkpoint for IP 'C:/Users/lcont/OneDrive - The University of Alabama/Documents/ECE 480/snake/snake.srcs/sources_1/ip/clk_wiz_0/clk_wiz_0.xci' is already up-to-date
[Wed Dec  8 14:33:40 2021] Launched synth_1...
Run output will be captured here: C:/Users/lcont/OneDrive - The University of Alabama/Documents/ECE 480/snake/snake.runs/synth_1/runme.log
[Wed Dec  8 14:33:40 2021] Launched impl_1...
Run output will be captured here: C:/Users/lcont/OneDrive - The University of Alabama/Documents/ECE 480/snake/snake.runs/impl_1/runme.log
set_property PROBES.FILE {} [get_hw_devices xc7a35t_0]
set_property FULL_PROBES.FILE {} [get_hw_devices xc7a35t_0]
set_property PROGRAM.FILE {C:/Users/lcont/OneDrive - The University of Alabama/Documents/ECE 480/snake/snake.runs/impl_1/snake.bit} [get_hw_devices xc7a35t_0]
program_hw_devices [get_hw_devices xc7a35t_0]
INFO: [Labtools 27-3164] End of startup status: HIGH
refresh_hw_device [lindex [get_hw_devices xc7a35t_0] 0]
INFO: [Labtools 27-1434] Device xc7a35t (JTAG device index = 0) is programmed with a design that has no supported debug core(s) in it.
reset_run synth_1
launch_runs impl_1 -to_step write_bitstream -jobs 4
INFO: [Vivado 12-4149] The synthesis checkpoint for IP 'C:/Users/lcont/OneDrive - The University of Alabama/Documents/ECE 480/snake/snake.srcs/sources_1/ip/clk_wiz_0/clk_wiz_0.xci' is already up-to-date
[Wed Dec  8 14:38:10 2021] Launched synth_1...
Run output will be captured here: C:/Users/lcont/OneDrive - The University of Alabama/Documents/ECE 480/snake/snake.runs/synth_1/runme.log
[Wed Dec  8 14:38:10 2021] Launched impl_1...
Run output will be captured here: C:/Users/lcont/OneDrive - The University of Alabama/Documents/ECE 480/snake/snake.runs/impl_1/runme.log
set_property PROBES.FILE {} [get_hw_devices xc7a35t_0]
set_property FULL_PROBES.FILE {} [get_hw_devices xc7a35t_0]
set_property PROGRAM.FILE {C:/Users/lcont/OneDrive - The University of Alabama/Documents/ECE 480/snake/snake.runs/impl_1/snake.bit} [get_hw_devices xc7a35t_0]
program_hw_devices [get_hw_devices xc7a35t_0]
INFO: [Labtools 27-3164] End of startup status: HIGH
refresh_hw_device [lindex [get_hw_devices xc7a35t_0] 0]
INFO: [Labtools 27-1434] Device xc7a35t (JTAG device index = 0) is programmed with a design that has no supported debug core(s) in it.
reset_run synth_1
launch_runs impl_1 -to_step write_bitstream -jobs 4
INFO: [Vivado 12-4149] The synthesis checkpoint for IP 'C:/Users/lcont/OneDrive - The University of Alabama/Documents/ECE 480/snake/snake.srcs/sources_1/ip/clk_wiz_0/clk_wiz_0.xci' is already up-to-date
[Wed Dec  8 14:45:17 2021] Launched synth_1...
Run output will be captured here: C:/Users/lcont/OneDrive - The University of Alabama/Documents/ECE 480/snake/snake.runs/synth_1/runme.log
[Wed Dec  8 14:45:17 2021] Launched impl_1...
Run output will be captured here: C:/Users/lcont/OneDrive - The University of Alabama/Documents/ECE 480/snake/snake.runs/impl_1/runme.log
set_property PROBES.FILE {} [get_hw_devices xc7a35t_0]
set_property FULL_PROBES.FILE {} [get_hw_devices xc7a35t_0]
set_property PROGRAM.FILE {C:/Users/lcont/OneDrive - The University of Alabama/Documents/ECE 480/snake/snake.runs/impl_1/snake.bit} [get_hw_devices xc7a35t_0]
program_hw_devices [get_hw_devices xc7a35t_0]
INFO: [Labtools 27-3164] End of startup status: HIGH
refresh_hw_device [lindex [get_hw_devices xc7a35t_0] 0]
INFO: [Labtools 27-1434] Device xc7a35t (JTAG device index = 0) is programmed with a design that has no supported debug core(s) in it.
reset_run synth_1
launch_runs impl_1 -to_step write_bitstream -jobs 4
INFO: [Vivado 12-4149] The synthesis checkpoint for IP 'C:/Users/lcont/OneDrive - The University of Alabama/Documents/ECE 480/snake/snake.srcs/sources_1/ip/clk_wiz_0/clk_wiz_0.xci' is already up-to-date
[Wed Dec  8 14:50:02 2021] Launched synth_1...
Run output will be captured here: C:/Users/lcont/OneDrive - The University of Alabama/Documents/ECE 480/snake/snake.runs/synth_1/runme.log
[Wed Dec  8 14:50:02 2021] Launched impl_1...
Run output will be captured here: C:/Users/lcont/OneDrive - The University of Alabama/Documents/ECE 480/snake/snake.runs/impl_1/runme.log
set_property PROBES.FILE {} [get_hw_devices xc7a35t_0]
set_property FULL_PROBES.FILE {} [get_hw_devices xc7a35t_0]
set_property PROGRAM.FILE {C:/Users/lcont/OneDrive - The University of Alabama/Documents/ECE 480/snake/snake.runs/impl_1/snake.bit} [get_hw_devices xc7a35t_0]
program_hw_devices [get_hw_devices xc7a35t_0]
INFO: [Labtools 27-3164] End of startup status: HIGH
refresh_hw_device [lindex [get_hw_devices xc7a35t_0] 0]
INFO: [Labtools 27-1434] Device xc7a35t (JTAG device index = 0) is programmed with a design that has no supported debug core(s) in it.
exit
INFO: [Common 17-206] Exiting Vivado at Wed Dec  8 14:56:59 2021...
