#-----------------------------------------------------------
# Vivado v2020.2 (64-bit)
# SW Build 3064766 on Wed Nov 18 09:12:45 MST 2020
# IP Build 3064653 on Wed Nov 18 14:17:31 MST 2020
# Start of session at: Tue Dec  7 21:38:49 2021
# Process ID: 11760
# Current directory: C:/Users/lcont/OneDrive - The University of Alabama/Documents/ECE 480/snake
# Command line: vivado.exe -gui_launcher_event rodinguilauncherevent20588 C:\Users\lcont\OneDrive - The University of Alabama\Documents\ECE 480\snake\snake.xpr
# Log file: C:/Users/lcont/OneDrive - The University of Alabama/Documents/ECE 480/snake/vivado.log
# Journal file: C:/Users/lcont/OneDrive - The University of Alabama/Documents/ECE 480/snake\vivado.jou
#-----------------------------------------------------------
start_gui
open_project {C:/Users/lcont/OneDrive - The University of Alabama/Documents/ECE 480/snake/snake.xpr}
INFO: [Project 1-313] Project file moved from 'C:/Users/lcont/OneDrive/Documents/ECE 480/snake' since last save.
Scanning sources...
Finished scanning sources
INFO: [IP_Flow 19-234] Refreshing IP repositories
INFO: [IP_Flow 19-1704] No user IP repositories specified
INFO: [IP_Flow 19-2313] Loaded Vivado IP repository 'C:/Xilinx/Vivado/2020.2/data/ip'.
open_project: Time (s): cpu = 00:00:36 ; elapsed = 00:00:12 . Memory (MB): peak = 1103.609 ; gain = 0.000
update_compile_order -fileset sources_1
update_compile_order -fileset sources_1
update_compile_order -fileset sources_1
update_compile_order -fileset sources_1
launch_runs impl_1 -jobs 4
[Tue Dec  7 22:27:38 2021] Launched synth_1...
Run output will be captured here: C:/Users/lcont/OneDrive - The University of Alabama/Documents/ECE 480/snake/snake.runs/synth_1/runme.log
[Tue Dec  7 22:27:38 2021] Launched impl_1...
Run output will be captured here: C:/Users/lcont/OneDrive - The University of Alabama/Documents/ECE 480/snake/snake.runs/impl_1/runme.log
launch_runs impl_1 -to_step write_bitstream -jobs 4
[Tue Dec  7 22:29:46 2021] Launched impl_1...
Run output will be captured here: C:/Users/lcont/OneDrive - The University of Alabama/Documents/ECE 480/snake/snake.runs/impl_1/runme.log
open_hw_manager
connect_hw_server -allow_non_jtag
INFO: [Labtools 27-2285] Connecting to hw_server url TCP:localhost:3121
INFO: [Labtools 27-2222] Launching hw_server...
INFO: [Labtools 27-2221] Launch Output:

****** Xilinx hw_server v2020.2
  **** Build date : Nov 18 2020 at 10:01:48
    ** Copyright 1986-2020 Xilinx, Inc. All Rights Reserved.


INFO: [Labtools 27-3415] Connecting to cs_server url TCP:localhost:3042
INFO: [Labtools 27-3417] Launching cs_server...
INFO: [Labtools 27-2221] Launch Output:


******** Xilinx cs_server v2020.2
  ****** Build date   : Nov 03 2020-15:02:56
    **** Build number : 2020.2.1604437376
      ** Copyright 2017-2020 Xilinx, Inc. All Rights Reserved.



connect_hw_server: Time (s): cpu = 00:00:01 ; elapsed = 00:00:10 . Memory (MB): peak = 1103.609 ; gain = 0.000
open_hw_target
INFO: [Labtoolstcl 44-466] Opening hw_target localhost:3121/xilinx_tcf/Digilent/210183B1694BA
open_hw_target: Time (s): cpu = 00:00:05 ; elapsed = 00:00:05 . Memory (MB): peak = 2587.242 ; gain = 1483.633
set_property PROGRAM.FILE {C:/Users/lcont/OneDrive - The University of Alabama/Documents/ECE 480/snake/snake.runs/impl_1/snake.bit} [get_hw_devices xc7a35t_0]
current_hw_device [get_hw_devices xc7a35t_0]
refresh_hw_device -update_hw_probes false [lindex [get_hw_devices xc7a35t_0] 0]
INFO: [Labtools 27-1435] Device xc7a35t (JTAG device index = 0) is not programmed (DONE status = 0).
set_property PROBES.FILE {} [get_hw_devices xc7a35t_0]
set_property FULL_PROBES.FILE {} [get_hw_devices xc7a35t_0]
set_property PROGRAM.FILE {C:/Users/lcont/OneDrive - The University of Alabama/Documents/ECE 480/snake/snake.runs/impl_1/snake.bit} [get_hw_devices xc7a35t_0]
program_hw_devices [get_hw_devices xc7a35t_0]
INFO: [Labtools 27-3164] End of startup status: HIGH
refresh_hw_device [lindex [get_hw_devices xc7a35t_0] 0]
INFO: [Labtools 27-1434] Device xc7a35t (JTAG device index = 0) is programmed with a design that has no supported debug core(s) in it.
close_hw_manager
update_compile_order -fileset sources_1
update_compile_order -fileset sources_1
reset_run synth_1
update_compile_order -fileset sources_1
launch_runs impl_1 -to_step write_bitstream -jobs 4
[Tue Dec  7 22:36:46 2021] Launched synth_1...
Run output will be captured here: C:/Users/lcont/OneDrive - The University of Alabama/Documents/ECE 480/snake/snake.runs/synth_1/runme.log
[Tue Dec  7 22:36:46 2021] Launched impl_1...
Run output will be captured here: C:/Users/lcont/OneDrive - The University of Alabama/Documents/ECE 480/snake/snake.runs/impl_1/runme.log
reset_run synth_1
launch_runs impl_1 -to_step write_bitstream -jobs 4
[Tue Dec  7 22:38:06 2021] Launched synth_1...
Run output will be captured here: C:/Users/lcont/OneDrive - The University of Alabama/Documents/ECE 480/snake/snake.runs/synth_1/runme.log
[Tue Dec  7 22:38:06 2021] Launched impl_1...
Run output will be captured here: C:/Users/lcont/OneDrive - The University of Alabama/Documents/ECE 480/snake/snake.runs/impl_1/runme.log
open_hw_manager
connect_hw_server -allow_non_jtag
INFO: [Labtools 27-2285] Connecting to hw_server url TCP:localhost:3121
INFO: [Labtools 27-2222] Launching hw_server...
INFO: [Labtools 27-2221] Launch Output:

****** Xilinx hw_server v2020.2
  **** Build date : Nov 18 2020 at 10:01:48
    ** Copyright 1986-2020 Xilinx, Inc. All Rights Reserved.


INFO: [Labtools 27-3415] Connecting to cs_server url TCP:localhost:3042
INFO: [Labtools 27-3417] Launching cs_server...
INFO: [Labtools 27-2221] Launch Output:


******** Xilinx cs_server v2020.2
  ****** Build date   : Nov 03 2020-15:02:56
    **** Build number : 2020.2.1604437376
      ** Copyright 2017-2020 Xilinx, Inc. All Rights Reserved.



connect_hw_server: Time (s): cpu = 00:00:00 ; elapsed = 00:00:10 . Memory (MB): peak = 2642.477 ; gain = 0.000
open_hw_target
INFO: [Labtoolstcl 44-466] Opening hw_target localhost:3121/xilinx_tcf/Digilent/210183B1694BA
set_property PROGRAM.FILE {C:/Users/lcont/OneDrive - The University of Alabama/Documents/ECE 480/snake/snake.runs/impl_1/snake.bit} [get_hw_devices xc7a35t_0]
current_hw_device [get_hw_devices xc7a35t_0]
refresh_hw_device -update_hw_probes false [lindex [get_hw_devices xc7a35t_0] 0]
INFO: [Labtools 27-1434] Device xc7a35t (JTAG device index = 0) is programmed with a design that has no supported debug core(s) in it.
set_property PROBES.FILE {} [get_hw_devices xc7a35t_0]
set_property FULL_PROBES.FILE {} [get_hw_devices xc7a35t_0]
set_property PROGRAM.FILE {C:/Users/lcont/OneDrive - The University of Alabama/Documents/ECE 480/snake/snake.runs/impl_1/snake.bit} [get_hw_devices xc7a35t_0]
program_hw_devices [get_hw_devices xc7a35t_0]
INFO: [Labtools 27-3164] End of startup status: HIGH
refresh_hw_device [lindex [get_hw_devices xc7a35t_0] 0]
INFO: [Labtools 27-1434] Device xc7a35t (JTAG device index = 0) is programmed with a design that has no supported debug core(s) in it.
close_hw_manager
file mkdir C:/Users/lcont/OneDrive - The University of Alabama/Documents/ECE 480/snake/snake.srcs/sources_1/new
file mkdir C:/Users/lcont/OneDrive - The University of Alabama/Documents/ECE 480/snake/snake.srcs/sources_1/new
file mkdir C:/Users/lcont/OneDrive - The University of Alabama/Documents/ECE 480/snake/snake.srcs/sources_1/new
file mkdir C:/Users/lcont/OneDrive - The University of Alabama/Documents/ECE 480/snake/snake.srcs/sources_1/new
file mkdir C:/Users/lcont/OneDrive - The University of Alabama/Documents/ECE 480/snake/snake.srcs/sources_1/new
file mkdir C:/Users/lcont/OneDrive - The University of Alabama/Documents/ECE 480/snake/snake.srcs/sources_1/new
file mkdir {C:/Users/lcont/OneDrive - The University of Alabama/Documents/ECE 480/snake/snake.srcs/sources_1/new}
close [ open {C:/Users/lcont/OneDrive - The University of Alabama/Documents/ECE 480/snake/snake.srcs/sources_1/new/apple.v} w ]
add_files {{C:/Users/lcont/OneDrive - The University of Alabama/Documents/ECE 480/snake/snake.srcs/sources_1/new/apple.v}}
update_compile_order -fileset sources_1
update_compile_order -fileset sources_1
reset_run synth_1
launch_runs impl_1 -to_step write_bitstream -jobs 4
[Tue Dec  7 22:52:03 2021] Launched synth_1...
Run output will be captured here: C:/Users/lcont/OneDrive - The University of Alabama/Documents/ECE 480/snake/snake.runs/synth_1/runme.log
[Tue Dec  7 22:52:03 2021] Launched impl_1...
Run output will be captured here: C:/Users/lcont/OneDrive - The University of Alabama/Documents/ECE 480/snake/snake.runs/impl_1/runme.log
open_hw_manager
connect_hw_server -allow_non_jtag
INFO: [Labtools 27-2285] Connecting to hw_server url TCP:localhost:3121
INFO: [Labtools 27-2222] Launching hw_server...
INFO: [Labtools 27-2221] Launch Output:

****** Xilinx hw_server v2020.2
  **** Build date : Nov 18 2020 at 10:01:48
    ** Copyright 1986-2020 Xilinx, Inc. All Rights Reserved.


INFO: [Labtools 27-3415] Connecting to cs_server url TCP:localhost:3042
INFO: [Labtools 27-3417] Launching cs_server...
INFO: [Labtools 27-2221] Launch Output:


******** Xilinx cs_server v2020.2
  ****** Build date   : Nov 03 2020-15:02:56
    **** Build number : 2020.2.1604437376
      ** Copyright 2017-2020 Xilinx, Inc. All Rights Reserved.



connect_hw_server: Time (s): cpu = 00:00:01 ; elapsed = 00:00:09 . Memory (MB): peak = 2652.863 ; gain = 0.000
open_hw_target
INFO: [Labtoolstcl 44-466] Opening hw_target localhost:3121/xilinx_tcf/Digilent/210183B1694BA
set_property PROGRAM.FILE {C:/Users/lcont/OneDrive - The University of Alabama/Documents/ECE 480/snake/snake.runs/impl_1/snake.bit} [get_hw_devices xc7a35t_0]
current_hw_device [get_hw_devices xc7a35t_0]
refresh_hw_device -update_hw_probes false [lindex [get_hw_devices xc7a35t_0] 0]
INFO: [Labtools 27-1434] Device xc7a35t (JTAG device index = 0) is programmed with a design that has no supported debug core(s) in it.
set_property PROBES.FILE {} [get_hw_devices xc7a35t_0]
set_property FULL_PROBES.FILE {} [get_hw_devices xc7a35t_0]
set_property PROGRAM.FILE {C:/Users/lcont/OneDrive - The University of Alabama/Documents/ECE 480/snake/snake.runs/impl_1/snake.bit} [get_hw_devices xc7a35t_0]
program_hw_devices [get_hw_devices xc7a35t_0]
INFO: [Labtools 27-3164] End of startup status: HIGH
refresh_hw_device [lindex [get_hw_devices xc7a35t_0] 0]
INFO: [Labtools 27-1434] Device xc7a35t (JTAG device index = 0) is programmed with a design that has no supported debug core(s) in it.
reset_run synth_1
launch_runs impl_1 -to_step write_bitstream -jobs 4
[Tue Dec  7 22:57:55 2021] Launched synth_1...
Run output will be captured here: C:/Users/lcont/OneDrive - The University of Alabama/Documents/ECE 480/snake/snake.runs/synth_1/runme.log
[Tue Dec  7 22:57:55 2021] Launched impl_1...
Run output will be captured here: C:/Users/lcont/OneDrive - The University of Alabama/Documents/ECE 480/snake/snake.runs/impl_1/runme.log
close_hw_manager
open_hw_manager
connect_hw_server -url localhost:3121 -allow_non_jtag
INFO: [Labtools 27-2285] Connecting to hw_server url TCP:localhost:3121
INFO: [Labtools 27-3415] Connecting to cs_server url TCP:localhost:3042
INFO: [Labtools 27-3414] Connected to existing cs_server.
current_hw_target [get_hw_targets */xilinx_tcf/Digilent/210183B1694BA]
set_property PARAM.FREQUENCY 15000000 [get_hw_targets */xilinx_tcf/Digilent/210183B1694BA]
open_hw_target
INFO: [Labtoolstcl 44-466] Opening hw_target localhost:3121/xilinx_tcf/Digilent/210183B1694BA
set_property PROGRAM.FILE {C:/Users/lcont/OneDrive - The University of Alabama/Documents/ECE 480/snake/snake.runs/impl_1/snake.bit} [get_hw_devices xc7a35t_0]
current_hw_device [get_hw_devices xc7a35t_0]
refresh_hw_device -update_hw_probes false [lindex [get_hw_devices xc7a35t_0] 0]
INFO: [Labtools 27-1434] Device xc7a35t (JTAG device index = 0) is programmed with a design that has no supported debug core(s) in it.
set_property PROBES.FILE {} [get_hw_devices xc7a35t_0]
set_property FULL_PROBES.FILE {} [get_hw_devices xc7a35t_0]
set_property PROGRAM.FILE {C:/Users/lcont/OneDrive - The University of Alabama/Documents/ECE 480/snake/snake.runs/impl_1/snake.bit} [get_hw_devices xc7a35t_0]
program_hw_devices [get_hw_devices xc7a35t_0]
INFO: [Labtools 27-3164] End of startup status: HIGH
refresh_hw_device [lindex [get_hw_devices xc7a35t_0] 0]
INFO: [Labtools 27-1434] Device xc7a35t (JTAG device index = 0) is programmed with a design that has no supported debug core(s) in it.
reset_run synth_1
launch_runs impl_1 -to_step write_bitstream -jobs 4
[Tue Dec  7 23:01:06 2021] Launched synth_1...
Run output will be captured here: C:/Users/lcont/OneDrive - The University of Alabama/Documents/ECE 480/snake/snake.runs/synth_1/runme.log
[Tue Dec  7 23:01:06 2021] Launched impl_1...
Run output will be captured here: C:/Users/lcont/OneDrive - The University of Alabama/Documents/ECE 480/snake/snake.runs/impl_1/runme.log
set_property PROBES.FILE {} [get_hw_devices xc7a35t_0]
set_property FULL_PROBES.FILE {} [get_hw_devices xc7a35t_0]
set_property PROGRAM.FILE {C:/Users/lcont/OneDrive - The University of Alabama/Documents/ECE 480/snake/snake.runs/impl_1/snake.bit} [get_hw_devices xc7a35t_0]
program_hw_devices [get_hw_devices xc7a35t_0]
INFO: [Labtools 27-3164] End of startup status: HIGH
refresh_hw_device [lindex [get_hw_devices xc7a35t_0] 0]
INFO: [Labtools 27-1434] Device xc7a35t (JTAG device index = 0) is programmed with a design that has no supported debug core(s) in it.
close_hw_manager
update_compile_order -fileset sources_1
update_compile_order -fileset sources_1
update_compile_order -fileset sources_1
update_compile_order -fileset sources_1
update_compile_order -fileset sources_1
update_compile_order -fileset sources_1
update_compile_order -fileset sources_1
reset_run synth_1
launch_runs impl_1 -to_step write_bitstream -jobs 4
[Tue Dec  7 23:17:53 2021] Launched synth_1...
Run output will be captured here: C:/Users/lcont/OneDrive - The University of Alabama/Documents/ECE 480/snake/snake.runs/synth_1/runme.log
[Tue Dec  7 23:17:53 2021] Launched impl_1...
Run output will be captured here: C:/Users/lcont/OneDrive - The University of Alabama/Documents/ECE 480/snake/snake.runs/impl_1/runme.log
reset_run synth_1
launch_runs impl_1 -to_step write_bitstream -jobs 4
[Tue Dec  7 23:21:44 2021] Launched synth_1...
Run output will be captured here: C:/Users/lcont/OneDrive - The University of Alabama/Documents/ECE 480/snake/snake.runs/synth_1/runme.log
[Tue Dec  7 23:21:44 2021] Launched impl_1...
Run output will be captured here: C:/Users/lcont/OneDrive - The University of Alabama/Documents/ECE 480/snake/snake.runs/impl_1/runme.log
open_hw_manager
connect_hw_server -url localhost:3121 -allow_non_jtag
INFO: [Labtools 27-2285] Connecting to hw_server url TCP:localhost:3121
INFO: [Labtools 27-2222] Launching hw_server...
INFO: [Labtools 27-2221] Launch Output:

****** Xilinx hw_server v2020.2
  **** Build date : Nov 18 2020 at 10:01:48
    ** Copyright 1986-2020 Xilinx, Inc. All Rights Reserved.


INFO: [Labtools 27-3415] Connecting to cs_server url TCP:localhost:3042
INFO: [Labtools 27-3417] Launching cs_server...
INFO: [Labtools 27-2221] Launch Output:


******** Xilinx cs_server v2020.2
  ****** Build date   : Nov 03 2020-15:02:56
    **** Build number : 2020.2.1604437376
      ** Copyright 2017-2020 Xilinx, Inc. All Rights Reserved.



connect_hw_server: Time (s): cpu = 00:00:01 ; elapsed = 00:00:09 . Memory (MB): peak = 2663.859 ; gain = 0.000
current_hw_target [get_hw_targets */xilinx_tcf/Digilent/210183B1694BA]
set_property PARAM.FREQUENCY 15000000 [get_hw_targets */xilinx_tcf/Digilent/210183B1694BA]
open_hw_target
INFO: [Labtoolstcl 44-466] Opening hw_target localhost:3121/xilinx_tcf/Digilent/210183B1694BA
set_property PROGRAM.FILE {C:/Users/lcont/OneDrive - The University of Alabama/Documents/ECE 480/snake/snake.runs/impl_1/snake.bit} [get_hw_devices xc7a35t_0]
current_hw_device [get_hw_devices xc7a35t_0]
refresh_hw_device -update_hw_probes false [lindex [get_hw_devices xc7a35t_0] 0]
INFO: [Labtools 27-1434] Device xc7a35t (JTAG device index = 0) is programmed with a design that has no supported debug core(s) in it.
set_property PROBES.FILE {} [get_hw_devices xc7a35t_0]
set_property FULL_PROBES.FILE {} [get_hw_devices xc7a35t_0]
set_property PROGRAM.FILE {C:/Users/lcont/OneDrive - The University of Alabama/Documents/ECE 480/snake/snake.runs/impl_1/snake.bit} [get_hw_devices xc7a35t_0]
program_hw_devices [get_hw_devices xc7a35t_0]
INFO: [Labtools 27-3164] End of startup status: HIGH
refresh_hw_device [lindex [get_hw_devices xc7a35t_0] 0]
INFO: [Labtools 27-1434] Device xc7a35t (JTAG device index = 0) is programmed with a design that has no supported debug core(s) in it.
reset_run synth_1
launch_runs impl_1 -to_step write_bitstream -jobs 4
[Tue Dec  7 23:29:35 2021] Launched synth_1...
Run output will be captured here: C:/Users/lcont/OneDrive - The University of Alabama/Documents/ECE 480/snake/snake.runs/synth_1/runme.log
[Tue Dec  7 23:29:35 2021] Launched impl_1...
Run output will be captured here: C:/Users/lcont/OneDrive - The University of Alabama/Documents/ECE 480/snake/snake.runs/impl_1/runme.log
set_property PROBES.FILE {} [get_hw_devices xc7a35t_0]
set_property FULL_PROBES.FILE {} [get_hw_devices xc7a35t_0]
set_property PROGRAM.FILE {C:/Users/lcont/OneDrive - The University of Alabama/Documents/ECE 480/snake/snake.runs/impl_1/snake.bit} [get_hw_devices xc7a35t_0]
program_hw_devices [get_hw_devices xc7a35t_0]
INFO: [Labtools 27-3164] End of startup status: HIGH
refresh_hw_device [lindex [get_hw_devices xc7a35t_0] 0]
INFO: [Labtools 27-1434] Device xc7a35t (JTAG device index = 0) is programmed with a design that has no supported debug core(s) in it.
reset_run synth_1
launch_runs impl_1 -to_step write_bitstream -jobs 4
[Tue Dec  7 23:31:58 2021] Launched synth_1...
Run output will be captured here: C:/Users/lcont/OneDrive - The University of Alabama/Documents/ECE 480/snake/snake.runs/synth_1/runme.log
[Tue Dec  7 23:31:58 2021] Launched impl_1...
Run output will be captured here: C:/Users/lcont/OneDrive - The University of Alabama/Documents/ECE 480/snake/snake.runs/impl_1/runme.log
set_property PROBES.FILE {} [get_hw_devices xc7a35t_0]
set_property FULL_PROBES.FILE {} [get_hw_devices xc7a35t_0]
set_property PROGRAM.FILE {C:/Users/lcont/OneDrive - The University of Alabama/Documents/ECE 480/snake/snake.runs/impl_1/snake.bit} [get_hw_devices xc7a35t_0]
program_hw_devices [get_hw_devices xc7a35t_0]
INFO: [Labtools 27-3164] End of startup status: HIGH
refresh_hw_device [lindex [get_hw_devices xc7a35t_0] 0]
INFO: [Labtools 27-1434] Device xc7a35t (JTAG device index = 0) is programmed with a design that has no supported debug core(s) in it.
reset_run synth_1
launch_runs impl_1 -to_step write_bitstream -jobs 4
[Tue Dec  7 23:35:04 2021] Launched synth_1...
Run output will be captured here: C:/Users/lcont/OneDrive - The University of Alabama/Documents/ECE 480/snake/snake.runs/synth_1/runme.log
[Tue Dec  7 23:35:04 2021] Launched impl_1...
Run output will be captured here: C:/Users/lcont/OneDrive - The University of Alabama/Documents/ECE 480/snake/snake.runs/impl_1/runme.log
set_property PROBES.FILE {} [get_hw_devices xc7a35t_0]
set_property FULL_PROBES.FILE {} [get_hw_devices xc7a35t_0]
set_property PROGRAM.FILE {C:/Users/lcont/OneDrive - The University of Alabama/Documents/ECE 480/snake/snake.runs/impl_1/snake.bit} [get_hw_devices xc7a35t_0]
program_hw_devices [get_hw_devices xc7a35t_0]
INFO: [Labtools 27-3164] End of startup status: HIGH
refresh_hw_device [lindex [get_hw_devices xc7a35t_0] 0]
INFO: [Labtools 27-1434] Device xc7a35t (JTAG device index = 0) is programmed with a design that has no supported debug core(s) in it.
reset_run synth_1
launch_runs impl_1 -to_step write_bitstream -jobs 4
[Tue Dec  7 23:40:25 2021] Launched synth_1...
Run output will be captured here: C:/Users/lcont/OneDrive - The University of Alabama/Documents/ECE 480/snake/snake.runs/synth_1/runme.log
[Tue Dec  7 23:40:25 2021] Launched impl_1...
Run output will be captured here: C:/Users/lcont/OneDrive - The University of Alabama/Documents/ECE 480/snake/snake.runs/impl_1/runme.log
set_property PROBES.FILE {} [get_hw_devices xc7a35t_0]
set_property FULL_PROBES.FILE {} [get_hw_devices xc7a35t_0]
set_property PROGRAM.FILE {C:/Users/lcont/OneDrive - The University of Alabama/Documents/ECE 480/snake/snake.runs/impl_1/snake.bit} [get_hw_devices xc7a35t_0]
program_hw_devices [get_hw_devices xc7a35t_0]
INFO: [Labtools 27-3164] End of startup status: HIGH
refresh_hw_device [lindex [get_hw_devices xc7a35t_0] 0]
INFO: [Labtools 27-1434] Device xc7a35t (JTAG device index = 0) is programmed with a design that has no supported debug core(s) in it.
reset_run synth_1
launch_runs impl_1 -to_step write_bitstream -jobs 4
[Tue Dec  7 23:45:09 2021] Launched synth_1...
Run output will be captured here: C:/Users/lcont/OneDrive - The University of Alabama/Documents/ECE 480/snake/snake.runs/synth_1/runme.log
[Tue Dec  7 23:45:09 2021] Launched impl_1...
Run output will be captured here: C:/Users/lcont/OneDrive - The University of Alabama/Documents/ECE 480/snake/snake.runs/impl_1/runme.log
set_property PROBES.FILE {} [get_hw_devices xc7a35t_0]
set_property FULL_PROBES.FILE {} [get_hw_devices xc7a35t_0]
set_property PROGRAM.FILE {C:/Users/lcont/OneDrive - The University of Alabama/Documents/ECE 480/snake/snake.runs/impl_1/snake.bit} [get_hw_devices xc7a35t_0]
program_hw_devices [get_hw_devices xc7a35t_0]
INFO: [Labtools 27-3164] End of startup status: HIGH
refresh_hw_device [lindex [get_hw_devices xc7a35t_0] 0]
INFO: [Labtools 27-1434] Device xc7a35t (JTAG device index = 0) is programmed with a design that has no supported debug core(s) in it.
reset_run synth_1
launch_runs impl_1 -to_step write_bitstream -jobs 4
[Tue Dec  7 23:48:18 2021] Launched synth_1...
Run output will be captured here: C:/Users/lcont/OneDrive - The University of Alabama/Documents/ECE 480/snake/snake.runs/synth_1/runme.log
[Tue Dec  7 23:48:18 2021] Launched impl_1...
Run output will be captured here: C:/Users/lcont/OneDrive - The University of Alabama/Documents/ECE 480/snake/snake.runs/impl_1/runme.log
reset_run synth_1
launch_runs impl_1 -to_step write_bitstream -jobs 4
[Tue Dec  7 23:49:53 2021] Launched synth_1...
Run output will be captured here: C:/Users/lcont/OneDrive - The University of Alabama/Documents/ECE 480/snake/snake.runs/synth_1/runme.log
[Tue Dec  7 23:49:53 2021] Launched impl_1...
Run output will be captured here: C:/Users/lcont/OneDrive - The University of Alabama/Documents/ECE 480/snake/snake.runs/impl_1/runme.log
set_property PROBES.FILE {} [get_hw_devices xc7a35t_0]
set_property FULL_PROBES.FILE {} [get_hw_devices xc7a35t_0]
set_property PROGRAM.FILE {C:/Users/lcont/OneDrive - The University of Alabama/Documents/ECE 480/snake/snake.runs/impl_1/snake.bit} [get_hw_devices xc7a35t_0]
program_hw_devices [get_hw_devices xc7a35t_0]
INFO: [Labtools 27-3164] End of startup status: HIGH
refresh_hw_device [lindex [get_hw_devices xc7a35t_0] 0]
INFO: [Labtools 27-1434] Device xc7a35t (JTAG device index = 0) is programmed with a design that has no supported debug core(s) in it.
exit
INFO: [Common 17-206] Exiting Vivado at Tue Dec  7 23:52:37 2021...
