#-----------------------------------------------------------
# Vivado v2020.2 (64-bit)
# SW Build 3064766 on Wed Nov 18 09:12:45 MST 2020
# IP Build 3064653 on Wed Nov 18 14:17:31 MST 2020
# Start of session at: Wed Dec  8 00:20:06 2021
# Process ID: 20592
# Current directory: C:/Users/lcont/OneDrive - The University of Alabama/Documents/ECE 480/snake
# Command line: vivado.exe -gui_launcher_event rodinguilauncherevent12392 C:\Users\lcont\OneDrive - The University of Alabama\Documents\ECE 480\snake\snake.xpr
# Log file: C:/Users/lcont/OneDrive - The University of Alabama/Documents/ECE 480/snake/vivado.log
# Journal file: C:/Users/lcont/OneDrive - The University of Alabama/Documents/ECE 480/snake\vivado.jou
#-----------------------------------------------------------
start_gui
open_project {C:/Users/lcont/OneDrive - The University of Alabama/Documents/ECE 480/snake/snake.xpr}
CRITICAL WARNING: [Project 1-19] Could not find the file 'C:/Users/lcont/OneDrive - The University of Alabama/Documents/ECE 480/snake/ball.v'.
Scanning sources...
Finished scanning sources
INFO: [IP_Flow 19-234] Refreshing IP repositories
INFO: [IP_Flow 19-1704] No user IP repositories specified
INFO: [IP_Flow 19-2313] Loaded Vivado IP repository 'C:/Xilinx/Vivado/2020.2/data/ip'.
open_project: Time (s): cpu = 00:00:31 ; elapsed = 00:00:10 . Memory (MB): peak = 1105.863 ; gain = 0.000
update_compile_order -fileset sources_1
export_ip_user_files -of_objects  [get_files {{C:/Users/lcont/OneDrive - The University of Alabama/Documents/ECE 480/snake/ball.v}}] -no_script -reset -force -quiet
remove_files  {{C:/Users/lcont/OneDrive - The University of Alabama/Documents/ECE 480/snake/ball.v}}
add_files -norecurse {{C:/Users/lcont/OneDrive - The University of Alabama/Documents/ECE 480/snake/snake_head.v}}
update_compile_order -fileset sources_1
update_compile_order -fileset sources_1
update_compile_order -fileset sources_1
exit
INFO: [Common 17-206] Exiting Vivado at Wed Dec  8 00:47:59 2021...
