#-----------------------------------------------------------
# Vivado v2020.2 (64-bit)
# SW Build 3064766 on Wed Nov 18 09:12:45 MST 2020
# IP Build 3064653 on Wed Nov 18 14:17:31 MST 2020
# Start of session at: Wed Dec  8 18:52:20 2021
# Process ID: 11272
# Current directory: C:/Users/lcont/OneDrive - The University of Alabama/Documents/ECE 480/snake
# Command line: vivado.exe -gui_launcher_event rodinguilauncherevent19124 C:\Users\lcont\OneDrive - The University of Alabama\Documents\ECE 480\snake\snake.xpr
# Log file: C:/Users/lcont/OneDrive - The University of Alabama/Documents/ECE 480/snake/vivado.log
# Journal file: C:/Users/lcont/OneDrive - The University of Alabama/Documents/ECE 480/snake\vivado.jou
#-----------------------------------------------------------
start_gui
open_project {C:/Users/lcont/OneDrive - The University of Alabama/Documents/ECE 480/snake/snake.xpr}
Scanning sources...
Finished scanning sources
INFO: [IP_Flow 19-234] Refreshing IP repositories
INFO: [IP_Flow 19-1704] No user IP repositories specified
INFO: [IP_Flow 19-2313] Loaded Vivado IP repository 'C:/Xilinx/Vivado/2020.2/data/ip'.
open_project: Time (s): cpu = 00:00:19 ; elapsed = 00:00:09 . Memory (MB): peak = 1102.395 ; gain = 0.000
update_compile_order -fileset sources_1
reset_run synth_1
launch_runs impl_1 -to_step write_bitstream -jobs 4
INFO: [Vivado 12-4149] The synthesis checkpoint for IP 'C:/Users/lcont/OneDrive - The University of Alabama/Documents/ECE 480/snake/snake.srcs/sources_1/ip/clk_wiz_0/clk_wiz_0.xci' is already up-to-date
[Wed Dec  8 18:56:06 2021] Launched synth_1...
Run output will be captured here: C:/Users/lcont/OneDrive - The University of Alabama/Documents/ECE 480/snake/snake.runs/synth_1/runme.log
[Wed Dec  8 18:56:06 2021] Launched impl_1...
Run output will be captured here: C:/Users/lcont/OneDrive - The University of Alabama/Documents/ECE 480/snake/snake.runs/impl_1/runme.log
open_hw_manager
connect_hw_server -url localhost:3121 -allow_non_jtag
INFO: [Labtools 27-2285] Connecting to hw_server url TCP:localhost:3121
INFO: [Labtools 27-2222] Launching hw_server...
INFO: [Labtools 27-2221] Launch Output:

****** Xilinx hw_server v2020.2
  **** Build date : Nov 18 2020 at 10:01:48
    ** Copyright 1986-2020 Xilinx, Inc. All Rights Reserved.


INFO: [Labtools 27-3415] Connecting to cs_server url TCP:localhost:3042
INFO: [Labtools 27-3417] Launching cs_server...
INFO: [Labtools 27-2221] Launch Output:


******** Xilinx cs_server v2020.2
  ****** Build date   : Nov 03 2020-15:02:56
    **** Build number : 2020.2.1604437376
      ** Copyright 2017-2020 Xilinx, Inc. All Rights Reserved.



connect_hw_server: Time (s): cpu = 00:00:00 ; elapsed = 00:00:11 . Memory (MB): peak = 1102.395 ; gain = 0.000
current_hw_target [get_hw_targets */xilinx_tcf/Digilent/210183B1694BA]
set_property PARAM.FREQUENCY 15000000 [get_hw_targets */xilinx_tcf/Digilent/210183B1694BA]
open_hw_target
INFO: [Labtoolstcl 44-466] Opening hw_target localhost:3121/xilinx_tcf/Digilent/210183B1694BA
open_hw_target: Time (s): cpu = 00:00:06 ; elapsed = 00:00:06 . Memory (MB): peak = 2499.953 ; gain = 1397.559
set_property PROGRAM.FILE {C:/Users/lcont/OneDrive - The University of Alabama/Documents/ECE 480/snake/snake.runs/impl_1/snake.bit} [get_hw_devices xc7a35t_0]
current_hw_device [get_hw_devices xc7a35t_0]
refresh_hw_device -update_hw_probes false [lindex [get_hw_devices xc7a35t_0] 0]
INFO: [Labtools 27-1435] Device xc7a35t (JTAG device index = 0) is not programmed (DONE status = 0).
set_property PROBES.FILE {} [get_hw_devices xc7a35t_0]
set_property FULL_PROBES.FILE {} [get_hw_devices xc7a35t_0]
set_property PROGRAM.FILE {C:/Users/lcont/OneDrive - The University of Alabama/Documents/ECE 480/snake/snake.runs/impl_1/snake.bit} [get_hw_devices xc7a35t_0]
program_hw_devices [get_hw_devices xc7a35t_0]
INFO: [Labtools 27-3164] End of startup status: HIGH
refresh_hw_device [lindex [get_hw_devices xc7a35t_0] 0]
INFO: [Labtools 27-1434] Device xc7a35t (JTAG device index = 0) is programmed with a design that has no supported debug core(s) in it.
close_hw_manager
reset_run synth_1
launch_runs impl_1 -to_step write_bitstream -jobs 4
INFO: [Vivado 12-4149] The synthesis checkpoint for IP 'C:/Users/lcont/OneDrive - The University of Alabama/Documents/ECE 480/snake/snake.srcs/sources_1/ip/clk_wiz_0/clk_wiz_0.xci' is already up-to-date
[Wed Dec  8 19:10:12 2021] Launched synth_1...
Run output will be captured here: C:/Users/lcont/OneDrive - The University of Alabama/Documents/ECE 480/snake/snake.runs/synth_1/runme.log
[Wed Dec  8 19:10:12 2021] Launched impl_1...
Run output will be captured here: C:/Users/lcont/OneDrive - The University of Alabama/Documents/ECE 480/snake/snake.runs/impl_1/runme.log
open_hw_manager
connect_hw_server -url localhost:3121 -allow_non_jtag
INFO: [Labtools 27-2285] Connecting to hw_server url TCP:localhost:3121
INFO: [Labtools 27-2222] Launching hw_server...
INFO: [Labtools 27-2221] Launch Output:

****** Xilinx hw_server v2020.2
  **** Build date : Nov 18 2020 at 10:01:48
    ** Copyright 1986-2020 Xilinx, Inc. All Rights Reserved.


INFO: [Labtools 27-3415] Connecting to cs_server url TCP:localhost:3042
INFO: [Labtools 27-3417] Launching cs_server...
INFO: [Labtools 27-2221] Launch Output:


******** Xilinx cs_server v2020.2
  ****** Build date   : Nov 03 2020-15:02:56
    **** Build number : 2020.2.1604437376
      ** Copyright 2017-2020 Xilinx, Inc. All Rights Reserved.



connect_hw_server: Time (s): cpu = 00:00:00 ; elapsed = 00:00:10 . Memory (MB): peak = 2554.656 ; gain = 0.000
current_hw_target [get_hw_targets */xilinx_tcf/Digilent/210183B1694BA]
set_property PARAM.FREQUENCY 15000000 [get_hw_targets */xilinx_tcf/Digilent/210183B1694BA]
open_hw_target
INFO: [Labtoolstcl 44-466] Opening hw_target localhost:3121/xilinx_tcf/Digilent/210183B1694BA
set_property PROGRAM.FILE {C:/Users/lcont/OneDrive - The University of Alabama/Documents/ECE 480/snake/snake.runs/impl_1/snake.bit} [get_hw_devices xc7a35t_0]
current_hw_device [get_hw_devices xc7a35t_0]
refresh_hw_device -update_hw_probes false [lindex [get_hw_devices xc7a35t_0] 0]
INFO: [Labtools 27-1434] Device xc7a35t (JTAG device index = 0) is programmed with a design that has no supported debug core(s) in it.
set_property PROBES.FILE {} [get_hw_devices xc7a35t_0]
set_property FULL_PROBES.FILE {} [get_hw_devices xc7a35t_0]
set_property PROGRAM.FILE {C:/Users/lcont/OneDrive - The University of Alabama/Documents/ECE 480/snake/snake.runs/impl_1/snake.bit} [get_hw_devices xc7a35t_0]
program_hw_devices [get_hw_devices xc7a35t_0]
INFO: [Labtools 27-3164] End of startup status: HIGH
refresh_hw_device [lindex [get_hw_devices xc7a35t_0] 0]
INFO: [Labtools 27-1434] Device xc7a35t (JTAG device index = 0) is programmed with a design that has no supported debug core(s) in it.
reset_run synth_1
launch_runs impl_1 -to_step write_bitstream -jobs 4
INFO: [Vivado 12-4149] The synthesis checkpoint for IP 'C:/Users/lcont/OneDrive - The University of Alabama/Documents/ECE 480/snake/snake.srcs/sources_1/ip/clk_wiz_0/clk_wiz_0.xci' is already up-to-date
[Wed Dec  8 19:13:41 2021] Launched synth_1...
Run output will be captured here: C:/Users/lcont/OneDrive - The University of Alabama/Documents/ECE 480/snake/snake.runs/synth_1/runme.log
[Wed Dec  8 19:13:41 2021] Launched impl_1...
Run output will be captured here: C:/Users/lcont/OneDrive - The University of Alabama/Documents/ECE 480/snake/snake.runs/impl_1/runme.log
set_property PROBES.FILE {} [get_hw_devices xc7a35t_0]
set_property FULL_PROBES.FILE {} [get_hw_devices xc7a35t_0]
set_property PROGRAM.FILE {C:/Users/lcont/OneDrive - The University of Alabama/Documents/ECE 480/snake/snake.runs/impl_1/snake.bit} [get_hw_devices xc7a35t_0]
program_hw_devices [get_hw_devices xc7a35t_0]
INFO: [Labtools 27-3164] End of startup status: HIGH
refresh_hw_device [lindex [get_hw_devices xc7a35t_0] 0]
INFO: [Labtools 27-1434] Device xc7a35t (JTAG device index = 0) is programmed with a design that has no supported debug core(s) in it.
set_property PROBES.FILE {} [get_hw_devices xc7a35t_0]
set_property FULL_PROBES.FILE {} [get_hw_devices xc7a35t_0]
set_property PROGRAM.FILE {C:/Users/lcont/OneDrive - The University of Alabama/Documents/ECE 480/snake/snake.runs/impl_1/snake.bit} [get_hw_devices xc7a35t_0]
program_hw_devices [get_hw_devices xc7a35t_0]
INFO: [Labtools 27-3164] End of startup status: HIGH
refresh_hw_device [lindex [get_hw_devices xc7a35t_0] 0]
INFO: [Labtools 27-1434] Device xc7a35t (JTAG device index = 0) is programmed with a design that has no supported debug core(s) in it.
reset_run synth_1
launch_runs impl_1 -to_step write_bitstream -jobs 4
INFO: [Vivado 12-4149] The synthesis checkpoint for IP 'C:/Users/lcont/OneDrive - The University of Alabama/Documents/ECE 480/snake/snake.srcs/sources_1/ip/clk_wiz_0/clk_wiz_0.xci' is already up-to-date
[Wed Dec  8 19:19:16 2021] Launched synth_1...
Run output will be captured here: C:/Users/lcont/OneDrive - The University of Alabama/Documents/ECE 480/snake/snake.runs/synth_1/runme.log
[Wed Dec  8 19:19:16 2021] Launched impl_1...
Run output will be captured here: C:/Users/lcont/OneDrive - The University of Alabama/Documents/ECE 480/snake/snake.runs/impl_1/runme.log
set_property PROBES.FILE {} [get_hw_devices xc7a35t_0]
set_property FULL_PROBES.FILE {} [get_hw_devices xc7a35t_0]
set_property PROGRAM.FILE {C:/Users/lcont/OneDrive - The University of Alabama/Documents/ECE 480/snake/snake.runs/impl_1/snake.bit} [get_hw_devices xc7a35t_0]
program_hw_devices [get_hw_devices xc7a35t_0]
INFO: [Labtools 27-3164] End of startup status: HIGH
refresh_hw_device [lindex [get_hw_devices xc7a35t_0] 0]
INFO: [Labtools 27-1434] Device xc7a35t (JTAG device index = 0) is programmed with a design that has no supported debug core(s) in it.
reset_run synth_1
launch_runs impl_1 -to_step write_bitstream -jobs 4
INFO: [Vivado 12-4149] The synthesis checkpoint for IP 'C:/Users/lcont/OneDrive - The University of Alabama/Documents/ECE 480/snake/snake.srcs/sources_1/ip/clk_wiz_0/clk_wiz_0.xci' is already up-to-date
[Wed Dec  8 19:24:03 2021] Launched synth_1...
Run output will be captured here: C:/Users/lcont/OneDrive - The University of Alabama/Documents/ECE 480/snake/snake.runs/synth_1/runme.log
[Wed Dec  8 19:24:03 2021] Launched impl_1...
Run output will be captured here: C:/Users/lcont/OneDrive - The University of Alabama/Documents/ECE 480/snake/snake.runs/impl_1/runme.log
reset_run impl_1
reset_run synth_1
launch_runs impl_1 -to_step write_bitstream -jobs 4
INFO: [Vivado 12-4149] The synthesis checkpoint for IP 'C:/Users/lcont/OneDrive - The University of Alabama/Documents/ECE 480/snake/snake.srcs/sources_1/ip/clk_wiz_0/clk_wiz_0.xci' is already up-to-date
[Wed Dec  8 19:25:40 2021] Launched synth_1...
Run output will be captured here: C:/Users/lcont/OneDrive - The University of Alabama/Documents/ECE 480/snake/snake.runs/synth_1/runme.log
[Wed Dec  8 19:25:40 2021] Launched impl_1...
Run output will be captured here: C:/Users/lcont/OneDrive - The University of Alabama/Documents/ECE 480/snake/snake.runs/impl_1/runme.log
reset_run synth_1
launch_runs impl_1 -to_step write_bitstream -jobs 4
INFO: [Vivado 12-4149] The synthesis checkpoint for IP 'C:/Users/lcont/OneDrive - The University of Alabama/Documents/ECE 480/snake/snake.srcs/sources_1/ip/clk_wiz_0/clk_wiz_0.xci' is already up-to-date
[Wed Dec  8 19:29:22 2021] Launched synth_1...
Run output will be captured here: C:/Users/lcont/OneDrive - The University of Alabama/Documents/ECE 480/snake/snake.runs/synth_1/runme.log
[Wed Dec  8 19:29:22 2021] Launched impl_1...
Run output will be captured here: C:/Users/lcont/OneDrive - The University of Alabama/Documents/ECE 480/snake/snake.runs/impl_1/runme.log
reset_run synth_1
WARNING: [Vivado 12-1017] Problems encountered:
1. Failed to delete one or more files in run directory C:/Users/lcont/OneDrive - The University of Alabama/Documents/ECE 480/snake/snake.runs/synth_1

launch_runs impl_1 -to_step write_bitstream -jobs 4
INFO: [Vivado 12-4149] The synthesis checkpoint for IP 'C:/Users/lcont/OneDrive - The University of Alabama/Documents/ECE 480/snake/snake.srcs/sources_1/ip/clk_wiz_0/clk_wiz_0.xci' is already up-to-date
[Wed Dec  8 19:29:42 2021] Launched synth_1...
Run output will be captured here: C:/Users/lcont/OneDrive - The University of Alabama/Documents/ECE 480/snake/snake.runs/synth_1/runme.log
[Wed Dec  8 19:29:42 2021] Launched impl_1...
Run output will be captured here: C:/Users/lcont/OneDrive - The University of Alabama/Documents/ECE 480/snake/snake.runs/impl_1/runme.log
set_property PROBES.FILE {} [get_hw_devices xc7a35t_0]
set_property FULL_PROBES.FILE {} [get_hw_devices xc7a35t_0]
set_property PROGRAM.FILE {C:/Users/lcont/OneDrive - The University of Alabama/Documents/ECE 480/snake/snake.runs/impl_1/snake.bit} [get_hw_devices xc7a35t_0]
program_hw_devices [get_hw_devices xc7a35t_0]
INFO: [Labtools 27-3164] End of startup status: HIGH
refresh_hw_device [lindex [get_hw_devices xc7a35t_0] 0]
INFO: [Labtools 27-1434] Device xc7a35t (JTAG device index = 0) is programmed with a design that has no supported debug core(s) in it.
reset_run synth_1
launch_runs impl_1 -to_step write_bitstream -jobs 4
INFO: [Vivado 12-4149] The synthesis checkpoint for IP 'C:/Users/lcont/OneDrive - The University of Alabama/Documents/ECE 480/snake/snake.srcs/sources_1/ip/clk_wiz_0/clk_wiz_0.xci' is already up-to-date
[Wed Dec  8 19:34:44 2021] Launched synth_1...
Run output will be captured here: C:/Users/lcont/OneDrive - The University of Alabama/Documents/ECE 480/snake/snake.runs/synth_1/runme.log
[Wed Dec  8 19:34:44 2021] Launched impl_1...
Run output will be captured here: C:/Users/lcont/OneDrive - The University of Alabama/Documents/ECE 480/snake/snake.runs/impl_1/runme.log
set_property PROBES.FILE {} [get_hw_devices xc7a35t_0]
set_property FULL_PROBES.FILE {} [get_hw_devices xc7a35t_0]
set_property PROGRAM.FILE {C:/Users/lcont/OneDrive - The University of Alabama/Documents/ECE 480/snake/snake.runs/impl_1/snake.bit} [get_hw_devices xc7a35t_0]
program_hw_devices [get_hw_devices xc7a35t_0]
INFO: [Labtools 27-3164] End of startup status: HIGH
refresh_hw_device [lindex [get_hw_devices xc7a35t_0] 0]
INFO: [Labtools 27-1434] Device xc7a35t (JTAG device index = 0) is programmed with a design that has no supported debug core(s) in it.
reset_run synth_1
launch_runs impl_1 -to_step write_bitstream -jobs 4
INFO: [Vivado 12-4149] The synthesis checkpoint for IP 'C:/Users/lcont/OneDrive - The University of Alabama/Documents/ECE 480/snake/snake.srcs/sources_1/ip/clk_wiz_0/clk_wiz_0.xci' is already up-to-date
[Wed Dec  8 19:39:31 2021] Launched synth_1...
Run output will be captured here: C:/Users/lcont/OneDrive - The University of Alabama/Documents/ECE 480/snake/snake.runs/synth_1/runme.log
[Wed Dec  8 19:39:31 2021] Launched impl_1...
Run output will be captured here: C:/Users/lcont/OneDrive - The University of Alabama/Documents/ECE 480/snake/snake.runs/impl_1/runme.log
set_property PROBES.FILE {} [get_hw_devices xc7a35t_0]
set_property FULL_PROBES.FILE {} [get_hw_devices xc7a35t_0]
set_property PROGRAM.FILE {C:/Users/lcont/OneDrive - The University of Alabama/Documents/ECE 480/snake/snake.runs/impl_1/snake.bit} [get_hw_devices xc7a35t_0]
program_hw_devices [get_hw_devices xc7a35t_0]
INFO: [Labtools 27-3164] End of startup status: HIGH
refresh_hw_device [lindex [get_hw_devices xc7a35t_0] 0]
INFO: [Labtools 27-1434] Device xc7a35t (JTAG device index = 0) is programmed with a design that has no supported debug core(s) in it.
reset_run synth_1
launch_runs impl_1 -to_step write_bitstream -jobs 4
INFO: [Vivado 12-4149] The synthesis checkpoint for IP 'C:/Users/lcont/OneDrive - The University of Alabama/Documents/ECE 480/snake/snake.srcs/sources_1/ip/clk_wiz_0/clk_wiz_0.xci' is already up-to-date
[Wed Dec  8 19:44:29 2021] Launched synth_1...
Run output will be captured here: C:/Users/lcont/OneDrive - The University of Alabama/Documents/ECE 480/snake/snake.runs/synth_1/runme.log
[Wed Dec  8 19:44:29 2021] Launched impl_1...
Run output will be captured here: C:/Users/lcont/OneDrive - The University of Alabama/Documents/ECE 480/snake/snake.runs/impl_1/runme.log
ERROR: [Labtoolstcl 44-513] HW Target shutdown. Closing target: localhost:3121/xilinx_tcf/Digilent/210183B1694BA
INFO: [Labtoolstcl 44-466] Opening hw_target localhost:3121/xilinx_tcf/Digilent/210183B1694BA
INFO: [Labtools 27-1435] Device xc7a35t (JTAG device index = 0) is not programmed (DONE status = 0).
WARNING: [Labtoolstcl 44-129] No matching hw_ila_data was found.
close_hw_manager
reset_run impl_1 -prev_step 
launch_runs impl_1 -to_step write_bitstream -jobs 4
INFO: [Vivado 12-4149] The synthesis checkpoint for IP 'C:/Users/lcont/OneDrive - The University of Alabama/Documents/ECE 480/snake/snake.srcs/sources_1/ip/clk_wiz_0/clk_wiz_0.xci' is already up-to-date
[Wed Dec  8 19:47:49 2021] Launched impl_1...
Run output will be captured here: C:/Users/lcont/OneDrive - The University of Alabama/Documents/ECE 480/snake/snake.runs/impl_1/runme.log
reset_run impl_1 -prev_step 
launch_runs impl_1 -to_step write_bitstream -jobs 4
INFO: [Vivado 12-4149] The synthesis checkpoint for IP 'C:/Users/lcont/OneDrive - The University of Alabama/Documents/ECE 480/snake/snake.srcs/sources_1/ip/clk_wiz_0/clk_wiz_0.xci' is already up-to-date
WARNING: [Vivado 12-872] Run step 'Design Initialization' is out-of-date.
[Wed Dec  8 19:49:30 2021] Launched impl_1...
Run output will be captured here: C:/Users/lcont/OneDrive - The University of Alabama/Documents/ECE 480/snake/snake.runs/impl_1/runme.log
exit
INFO: [Common 17-206] Exiting Vivado at Wed Dec  8 19:51:18 2021...
